[+] Containers:
 |- [+] Container: /Game/Maps_And_Modes/Maps/ThirdPersonMap
 |   |- [+] ActorDescs:
 |   |   |- Guid:0542441A4E111727FDE76CB81BD88FCB BaseClass: NativeClass:/Script/Engine.StaticMeshActor Name:StaticMeshActor_UAID_107C61B295B0404302_1264438416 Label:SM_Cube10 SpatiallyLoaded:1 Bounds:IsValid=true, Min=(X=4750.000 Y=750.000 Z=0.000), Max=(X=6250.000 Y=850.000 Z=500.000) RuntimeGrid:None EditorOnly:0 RuntimeOnly:0 HLODRelevant:1 FolderPath:Main Walls FolderGuid:8BEBE9BF4B243B09523D50B67B741FE7
 |   |   |- Guid:08E2D1DB4B78A74B59B0089C0D5BCF83 BaseClass: NativeClass:/Script/Engine.TargetPoint Name:TargetPoint_UAID_107C61B295B0354302_2110439599 Label:Inventory Area Point SpatiallyLoaded:1 Bounds:IsValid=true, Min=(X=281.043 Y=2026.465 Z=1158.562), Max=(X=281.043 Y=2026.465 Z=1158.562) RuntimeGrid:None EditorOnly:0 RuntimeOnly:0 HLODRelevant:0 Parent:4A6EB1E849DBBF864E6CA085FDDF88B9
 |   |   |- Guid:09D897894B3B9D09E0F4339F5C984EFD BaseClass: NativeClass:/Script/Engine.StaticMeshActor Name:StaticMeshActor_UAID_107C61B295B0404302_1330213422 Label:SM_Cube16 SpatiallyLoaded:1 Bounds:IsValid=true, Min=(X=-2250.000 Y=750.000 Z=0.000), Max=(X=-750.000 Y=850.000 Z=500.000) RuntimeGrid:None EditorOnly:0 RuntimeOnly:0 HLODRelevant:1 FolderPath:Main Walls FolderGuid:8BEBE9BF4B243B09523D50B67B741FE7
 |   |   |- Guid:0A3CE4DA496D08F2329EA9BBBEE8BAFE BaseClass: NativeClass:/Script/NavigationSystem.RecastNavMesh Name:RecastNavMesh_UAID_107C61B295B0341C02-Default Label:RecastNavMesh-Default SpatiallyLoaded:0 Bounds:IsValid=true, Min=(X=0.000 Y=0.000 Z=0.000), Max=(X=0.000 Y=0.000 Z=0.000) RuntimeGrid:None EditorOnly:0 RuntimeOnly:0 HLODRelevant:0
 |   |   |- Guid:0E410B0F4EED4CC519FDF5A1D447DF7C BaseClass: NativeClass:/Script/Engine.StaticMeshActor Name:StaticMeshActor_UAID_107C61B295B0454302_1280067348 Label:SM_Cylinder8 SpatiallyLoaded:1 Bounds:IsValid=true, Min=(X=8520.648 Y=-7424.662 Z=648.798), Max=(X=9020.647 Y=-7324.662 Z=1148.798) RuntimeGrid:None EditorOnly:0 RuntimeOnly:0 HLODRelevant:1
 |   |   |- Guid:1546477949BB803065CA26B810A5808F BaseClass: NativeClass:/Script/Engine.StaticMeshActor Name:StaticMeshActor_UAID_107C61B295B0404302_1264437415 Label:SM_Cube9 SpatiallyLoaded:1 Bounds:IsValid=true, Min=(X=4750.000 Y=-850.000 Z=0.000), Max=(X=6250.000 Y=-750.000 Z=500.000) RuntimeGrid:None EditorOnly:0 RuntimeOnly:0 HLODRelevant:1 FolderPath:Main Walls FolderGuid:8BEBE9BF4B243B09523D50B67B741FE7
 |   |   |- Guid:1B5563874334752445FD34AE6AA53AA6 BaseClass: NativeClass:/Script/Engine.StaticMeshActor Name:StaticMeshActor_UAID_107C61B295B0454302_1445864362 Label:SM_ChamferCube2 SpatiallyLoaded:1 Bounds:IsValid=true, Min=(X=1471.004 Y=-4732.266 Z=104.735), Max=(X=1671.004 Y=-4532.266 Z=304.735) RuntimeGrid:None EditorOnly:0 RuntimeOnly:0 HLODRelevant:0
 |   |   |- Guid:1C04ADEB4954C46BAEFA038D5B49FE34 BaseClass: NativeClass:/Script/Engine.StaticMeshActor Name:StaticMeshActor_UAID_107C61B295B0444302_2065773148 Label:SM_Cube21 SpatiallyLoaded:1 Bounds:IsValid=true, Min=(X=6150.000 Y=-6250.000 Z=0.000), Max=(X=6250.000 Y=-4750.000 Z=500.000) RuntimeGrid:None EditorOnly:0 RuntimeOnly:0 HLODRelevant:1 FolderPath:Main Walls FolderGuid:8BEBE9BF4B243B09523D50B67B741FE7
 |   |   |- Guid:1C58898B431A9A7B399FEE90FBA46EEC BaseClass: NativeClass:/Script/Engine.StaticMeshActor Name:StaticMeshActor_UAID_107C61B295B0454302_1457348367 Label:SM_ChamferCube7 SpatiallyLoaded:1 Bounds:IsValid=true, Min=(X=5870.331 Y=-6216.840 Z=104.735), Max=(X=6070.331 Y=-6016.840 Z=304.735) RuntimeGrid:None EditorOnly:0 RuntimeOnly:0 HLODRelevant:0
 |   |   |- Guid:1E3AC9C84D3287D0EB1FB0AB154DB9AE BaseClass: NativeClass:/Script/Engine.StaticMeshActor Name:StaticMeshActor_UAID_107C61B295B0454302_1410114356 Label:SM_Cylinder14 SpatiallyLoaded:1 Bounds:IsValid=true, Min=(X=4992.968 Y=-10896.631 Z=2779.762), Max=(X=5492.968 Y=-10796.631 Z=3279.762) RuntimeGrid:None EditorOnly:0 RuntimeOnly:0 HLODRelevant:1
 |   |   |- Guid:224633A54EB060BB0FB2339AB1465D0A BaseClass:/Game/UltraDynamicSky/Blueprints/Ultra_Dynamic_Weather.Ultra_Dynamic_Weather_C NativeClass:/Script/Engine.Actor Name:Ultra_Dynamic_Weather_C_UAID_A85E45A79B400A0F02_1730026096 Label:Ultra_Dynamic_Weather SpatiallyLoaded:0 Bounds:IsValid=true, Min=(X=-5000000000.000 Y=-5000000000.000 Z=-5000000100.000), Max=(X=5000000000.000 Y=5000000000.000 Z=4999999900.000) RuntimeGrid:None EditorOnly:0 RuntimeOnly:0 HLODRelevant:0 FolderPath:Lighting FolderGuid:963EC3EB4002CCE9759E2EBA541A873A
 |   |   |- Guid:27AA60A54240A3676847C6B6B67533A6 BaseClass: NativeClass:/Script/Engine.StaticMeshActor Name:StaticMeshActor_UAID_107C61B295B0444302_2104426155 Label:SM_Cube36 SpatiallyLoaded:1 Bounds:IsValid=true, Min=(X=-2250.000 Y=6150.000 Z=0.000), Max=(X=-750.000 Y=6250.000 Z=500.000) RuntimeGrid:None EditorOnly:0 RuntimeOnly:0 HLODRelevant:1 FolderPath:Main Walls FolderGuid:8BEBE9BF4B243B09523D50B67B741FE7
 |   |   |- Guid:34BC030A40E09E7FB7257BBA3C818B15 BaseClass: NativeClass:/Script/Engine.StaticMeshActor Name:StaticMeshActor_UAID_107C61B295B0444302_2010607146 Label:SM_Cube19 SpatiallyLoaded:1 Bounds:IsValid=true, Min=(X=-6250.000 Y=-6250.000 Z=0.000), Max=(X=-6150.000 Y=-4750.000 Z=500.000) RuntimeGrid:None EditorOnly:0 RuntimeOnly:0 HLODRelevant:1 FolderPath:Main Walls FolderGuid:8BEBE9BF4B243B09523D50B67B741FE7
 |   |   |- Guid:3542D44843D625F944F482AA44EB1BE8 BaseClass: NativeClass:/Script/Engine.StaticMeshActor Name:StaticMeshActor_UAID_107C61B295B0454302_1460187369 Label:SM_ChamferCube9 SpatiallyLoaded:1 Bounds:IsValid=true, Min=(X=4441.805 Y=-6216.840 Z=104.735), Max=(X=4641.805 Y=-6016.840 Z=304.735) RuntimeGrid:None EditorOnly:0 RuntimeOnly:0 HLODRelevant:0
 |   |   |- Guid:3AADED6142FFA7FB44E039A41358CD57 BaseClass: NativeClass:/Script/Engine.StaticMeshActor Name:StaticMeshActor_UAID_107C61B295B0454302_1278939347 Label:SM_Cylinder7 SpatiallyLoaded:1 Bounds:IsValid=true, Min=(X=6446.279 Y=-12024.237 Z=648.798), Max=(X=6946.279 Y=-11924.237 Z=1148.798) RuntimeGrid:None EditorOnly:0 RuntimeOnly:0 HLODRelevant:1
 |   |   |- Guid:3B742FC149FE53E3941C45AB693D3238 BaseClass: NativeClass:/Script/Engine.StaticMeshActor Name:StaticMeshActor_UAID_107C61B295B0454302_1178158338 Label:SM_Cube SpatiallyLoaded:1 Bounds:IsValid=true, Min=(X=1424.249 Y=-5485.024 Z=7.318), Max=(X=1949.249 Y=-4960.024 Z=532.318) RuntimeGrid:None EditorOnly:0 RuntimeOnly:0 HLODRelevant:1
 |   |   |- Guid:3C83BA474AAA48137AC64C89DA8D060B BaseClass: NativeClass:/Script/Engine.StaticMeshActor Name:StaticMeshActor_UAID_107C61B295B0444302_2120884159 Label:SM_Cube40 SpatiallyLoaded:1 Bounds:IsValid=true, Min=(X=4752.465 Y=-6250.000 Z=0.000), Max=(X=6252.465 Y=-6150.000 Z=500.000) RuntimeGrid:None EditorOnly:0 RuntimeOnly:0 HLODRelevant:1 FolderPath:Main Walls FolderGuid:8BEBE9BF4B243B09523D50B67B741FE7
 |   |   |- Guid:3EA26C08443E5CB05E485796C68D93CD BaseClass: NativeClass:/Script/Engine.StaticMeshActor Name:StaticMeshActor_UAID_107C61B295B0454302_1400891351 Label:SM_Cylinder9 SpatiallyLoaded:1 Bounds:IsValid=true, Min=(X=9002.452 Y=-10804.848 Z=190.498), Max=(X=9502.452 Y=-10704.848 Z=690.497) RuntimeGrid:None EditorOnly:0 RuntimeOnly:0 HLODRelevant:1
 |   |   |- Guid:3FBF21C24E0040F82A3D61A1B6BBC41C BaseClass: NativeClass:/Script/Engine.StaticMeshActor Name:StaticMeshActor_UAID_107C61B295B0454302_1458699368 Label:SM_ChamferCube8 SpatiallyLoaded:1 Bounds:IsValid=true, Min=(X=2412.598 Y=-6216.840 Z=104.735), Max=(X=2612.598 Y=-6016.840 Z=304.735) RuntimeGrid:None EditorOnly:0 RuntimeOnly:0 HLODRelevant:0
 |   |   |- Guid:41592E24456EB5ECF55774BA6BA548AE BaseClass: NativeClass:/Script/Engine.StaticMeshActor Name:StaticMeshActor_UAID_107C61B295B0454302_1452032364 Label:SM_ChamferCube4 SpatiallyLoaded:1 Bounds:IsValid=true, Min=(X=1952.622 Y=-2139.043 Z=104.735), Max=(X=2152.622 Y=-1939.043 Z=304.735) RuntimeGrid:None EditorOnly:0 RuntimeOnly:0 HLODRelevant:0
 |   |   |- Guid:4A3A32AC403A904156CB5BAE2F64EDCD BaseClass: NativeClass:/Script/Engine.StaticMeshActor Name:StaticMeshActor_UAID_107C61B295B0454302_1436977361 Label:SM_ChamferCube SpatiallyLoaded:1 Bounds:IsValid=true, Min=(X=2037.178 Y=-5202.245 Z=104.735), Max=(X=2237.178 Y=-5002.245 Z=304.735) RuntimeGrid:None EditorOnly:0 RuntimeOnly:0 HLODRelevant:0
 |   |   |- Guid:4A6EB1E849DBBF864E6CA085FDDF88B9 BaseClass: NativeClass:/Script/Engine.StaticMeshActor Name:StaticMeshActor_UAID_107C61B295B0354302_2096738598 Label:Inventory Area SpatiallyLoaded:1 Bounds:IsValid=true, Min=(X=81.043 Y=1776.465 Z=1008.562), Max=(X=481.043 Y=2276.465 Z=1108.562) RuntimeGrid:None EditorOnly:0 RuntimeOnly:0 HLODRelevant:1
 |   |   |- Guid:4BF61947401B4171DE7694A78D72E763 BaseClass: NativeClass:/Script/Engine.StaticMeshActor Name:StaticMeshActor_UAID_107C61B295B0454302_1233679341 Label:SM_Cylinder SpatiallyLoaded:1 Bounds:IsValid=true, Min=(X=3151.878 Y=-10804.848 Z=190.498), Max=(X=3651.878 Y=-10704.848 Z=690.497) RuntimeGrid:None EditorOnly:0 RuntimeOnly:0 HLODRelevant:1
 |   |   |- Guid:4E59552D4AC0DC62266F8D920510745F BaseClass: NativeClass:/Script/Engine.StaticMeshActor Name:StaticMeshActor_UAID_107C61B295B0404302_1315736419 Label:SM_Cube13 SpatiallyLoaded:1 Bounds:IsValid=true, Min=(X=750.000 Y=-850.000 Z=0.000), Max=(X=2250.000 Y=-750.000 Z=500.000) RuntimeGrid:None EditorOnly:0 RuntimeOnly:0 HLODRelevant:1 FolderPath:Main Walls FolderGuid:8BEBE9BF4B243B09523D50B67B741FE7
 |   |   |- Guid:4F9BCB464C7EFB9D2B20AF923C52AD8F BaseClass: NativeClass:/Script/Engine.StaticMeshActor Name:StaticMeshActor_UAID_107C61B295B0444302_2114262157 Label:SM_Cube38 SpatiallyLoaded:1 Bounds:IsValid=true, Min=(X=4752.465 Y=6150.000 Z=-0.000), Max=(X=6252.465 Y=6250.000 Z=500.000) RuntimeGrid:None EditorOnly:0 RuntimeOnly:0 HLODRelevant:1 FolderPath:Main Walls FolderGuid:8BEBE9BF4B243B09523D50B67B741FE7
 |   |   |- Guid:56F6A00042C7B56495CB3890F85180A9 BaseClass: NativeClass:/Script/NavigationSystem.NavMeshBoundsVolume Name:NavMeshBoundsVolume_UAID_107C61B295B0341C02_1121358215 Label:NavMeshBoundsVolume SpatiallyLoaded:0 Bounds:IsValid=true, Min=(X=-50000.000 Y=-50000.000 Z=-50000.000), Max=(X=50000.000 Y=50000.000 Z=50000.000) RuntimeGrid:None EditorOnly:0 RuntimeOnly:0 HLODRelevant:0 FolderPath:Volumes FolderGuid:2494046C4731A4395AE7A28C12E3E62C
 |   |   |- Guid:5A0EE4854A3892B3F30F439C374C8AE9 BaseClass: NativeClass:/Script/Engine.StaticMeshActor Name:StaticMeshActor_UAID_107C61B295B0454302_1407276354 Label:SM_Cylinder12 SpatiallyLoaded:1 Bounds:IsValid=true, Min=(X=-316.738 Y=-9323.084 Z=3754.225), Max=(X=183.262 Y=-9223.084 Z=4254.224) RuntimeGrid:None EditorOnly:0 RuntimeOnly:0 HLODRelevant:1
 |   |   |- Guid:5A5B06DB40F9DEF126C44EA9BD681104 BaseClass: NativeClass:/Script/Engine.StaticMeshActor Name:StaticMeshActor_UAID_107C61B295B0404302_1339880437 Label:SM_Cube31 SpatiallyLoaded:1 Bounds:IsValid=true, Min=(X=750.000 Y=-2250.000 Z=0.000), Max=(X=850.000 Y=-750.000 Z=500.000) RuntimeGrid:None EditorOnly:0 RuntimeOnly:0 HLODRelevant:1 FolderPath:Main Walls FolderGuid:8BEBE9BF4B243B09523D50B67B741FE7
 |   |   |- Guid:5EB4DF724537BF5FD2326B9EE83BCB4F BaseClass: NativeClass:/Script/Engine.StaticMeshActor Name:StaticMeshActor_UAID_107C61B295B0454302_1277045346 Label:SM_Cylinder6 SpatiallyLoaded:1 Bounds:IsValid=true, Min=(X=143.242 Y=-12024.237 Z=648.798), Max=(X=643.242 Y=-11924.237 Z=1148.798) RuntimeGrid:None EditorOnly:0 RuntimeOnly:0 HLODRelevant:1
 |   |   |- Guid:6BAF4DDD444C60371492D3919DB42C97 BaseClass: NativeClass:/Script/Engine.WorldDataLayers Name:WorldDataLayers Label:WorldDataLayers SpatiallyLoaded:0 Bounds:IsValid=true, Min=(X=0.000 Y=0.000 Z=0.000), Max=(X=0.000 Y=0.000 Z=0.000) RuntimeGrid:None EditorOnly:0 RuntimeOnly:0 HLODRelevant:0
 |   |   |- Guid:6E69686C4AF7B82BF64B719735CB1D0A BaseClass:/Game/UltraDynamicSky/Blueprints/Ultra_Dynamic_Sky.Ultra_Dynamic_Sky_C NativeClass:/Script/Engine.Actor Name:Ultra_Dynamic_Sky_C_UAID_A85E45A79B400A0F02_1722726095 Label:Ultra_Dynamic_Sky SpatiallyLoaded:0 Bounds:IsValid=true, Min=(X=-9369290602.598 Y=-9369288750.000 Z=-10538807737.791), Max=(X=9369286897.402 Y=9369286875.000 Z=9390707887.209) RuntimeGrid:None EditorOnly:0 RuntimeOnly:0 HLODRelevant:0 FolderPath:Lighting FolderGuid:963EC3EB4002CCE9759E2EBA541A873A
 |   |   |- Guid:7186FC054E877A8FDE8AA6BCE125282D BaseClass: NativeClass:/Script/Engine.StaticMeshActor Name:StaticMeshActor_UAID_107C61B295B0454302_1270032344 Label:SM_Cylinder4 SpatiallyLoaded:1 Bounds:IsValid=true, Min=(X=4472.257 Y=-6781.660 Z=848.180), Max=(X=4972.257 Y=-6681.660 Z=1348.180) RuntimeGrid:None EditorOnly:0 RuntimeOnly:0 HLODRelevant:1
 |   |   |- Guid:78A4A6AB4F7ECAB7F6E21F98B6CA8407 BaseClass: NativeClass:/Script/Engine.StaticMeshActor Name:StaticMeshActor_UAID_107C61B295B0454302_1449480363 Label:SM_ChamferCube3 SpatiallyLoaded:1 Bounds:IsValid=true, Min=(X=1952.622 Y=-4766.792 Z=104.735), Max=(X=2152.622 Y=-4566.792 Z=304.735) RuntimeGrid:None EditorOnly:0 RuntimeOnly:0 HLODRelevant:0
 |   |   |- Guid:7DFE781D468C545D38293E98FCDA5942 BaseClass: NativeClass:/Script/Engine.StaticMeshActor Name:StaticMeshActor_UAID_107C61B295B0444302_1975913144 Label:SM_Cube17 SpatiallyLoaded:1 Bounds:IsValid=true, Min=(X=-6250.000 Y=-6250.000 Z=0.000), Max=(X=-4750.000 Y=-6150.000 Z=500.000) RuntimeGrid:None EditorOnly:0 RuntimeOnly:0 HLODRelevant:1 FolderPath:Main Walls FolderGuid:8BEBE9BF4B243B09523D50B67B741FE7
 |   |   |- Guid:8059609E4E010D6B81C6BE973496EE8C BaseClass: NativeClass:/Script/Engine.StaticMeshActor Name:StaticMeshActor_UAID_107C61B295B0404302_1339879433 Label:SM_Cube27 SpatiallyLoaded:1 Bounds:IsValid=true, Min=(X=750.000 Y=-6250.000 Z=0.000), Max=(X=850.000 Y=-4750.000 Z=500.000) RuntimeGrid:None EditorOnly:0 RuntimeOnly:0 HLODRelevant:1 FolderPath:Main Walls FolderGuid:8BEBE9BF4B243B09523D50B67B741FE7
 |   |   |- Guid:826AAA144751DB6413E181A9449882DD BaseClass: NativeClass:/Script/Engine.StaticMeshActor Name:StaticMeshActor_UAID_107C61B295B0454302_1411587357 Label:SM_Cylinder15 SpatiallyLoaded:1 Bounds:IsValid=true, Min=(X=4992.968 Y=-8282.435 Z=2779.762), Max=(X=5492.968 Y=-8182.435 Z=3279.762) RuntimeGrid:None EditorOnly:0 RuntimeOnly:0 HLODRelevant:1
 |   |   |- Guid:8DDB873A42F1F7C54A635EB6835CBD18 BaseClass: NativeClass:/Script/Engine.StaticMeshActor Name:StaticMeshActor_UAID_107C61B295B0444302_2120882158 Label:SM_Cube39 SpatiallyLoaded:1 Bounds:IsValid=true, Min=(X=752.465 Y=-6250.000 Z=0.000), Max=(X=2252.465 Y=-6150.000 Z=500.000) RuntimeGrid:None EditorOnly:0 RuntimeOnly:0 HLODRelevant:1 FolderPath:Main Walls FolderGuid:8BEBE9BF4B243B09523D50B67B741FE7
 |   |   |- Guid:926BBF7947917C702E07F49C8ED47121 BaseClass: NativeClass:/Script/Engine.StaticMeshActor Name:StaticMeshActor_UAID_107C61B295B0454302_1273726345 Label:SM_Cylinder5 SpatiallyLoaded:1 Bounds:IsValid=true, Min=(X=-1492.705 Y=-6781.660 Z=648.798), Max=(X=-992.705 Y=-6681.660 Z=1148.798) RuntimeGrid:None EditorOnly:0 RuntimeOnly:0 HLODRelevant:1
 |   |   |- Guid:93C2D5244F368D67DA03F78F435A0106 BaseClass: NativeClass:/Script/Engine.StaticMeshActor Name:StaticMeshActor_UAID_107C61B295B0404302_1315738420 Label:SM_Cube14 SpatiallyLoaded:1 Bounds:IsValid=true, Min=(X=750.000 Y=750.000 Z=0.000), Max=(X=2250.000 Y=850.000 Z=500.000) RuntimeGrid:None EditorOnly:0 RuntimeOnly:0 HLODRelevant:1 FolderPath:Main Walls FolderGuid:8BEBE9BF4B243B09523D50B67B741FE7
 |   |   |- Guid:A028ADDD433894B7BF66A0A44B18BDE5 BaseClass: NativeClass:/Script/Engine.StaticMeshActor Name:StaticMeshActor_UAID_107C61B295B0404302_1303889417 Label:SM_Cube11 SpatiallyLoaded:1 Bounds:IsValid=true, Min=(X=-6250.000 Y=-850.000 Z=0.000), Max=(X=-4750.000 Y=-750.000 Z=500.000) RuntimeGrid:None EditorOnly:0 RuntimeOnly:0 HLODRelevant:1 FolderPath:Main Walls FolderGuid:8BEBE9BF4B243B09523D50B67B741FE7
 |   |   |- Guid:A296A4764FCCB294433C25A90457EA7D BaseClass: NativeClass:/Script/Engine.StaticMeshActor Name:StaticMeshActor_UAID_107C61B295B0404302_1303890418 Label:SM_Cube12 SpatiallyLoaded:1 Bounds:IsValid=true, Min=(X=-6250.000 Y=750.000 Z=0.000), Max=(X=-4750.000 Y=850.000 Z=500.000) RuntimeGrid:None EditorOnly:0 RuntimeOnly:0 HLODRelevant:1 FolderPath:Main Walls FolderGuid:8BEBE9BF4B243B09523D50B67B741FE7
 |   |   |- Guid:A8CC75A8496580363E62509132400309 BaseClass: NativeClass:/Script/Engine.PostProcessVolume Name:PostProcessVolume_UAID_107C61B295B0954202_2044848418 Label:PostProcessVolume2 SpatiallyLoaded:0 Bounds:IsValid=true, Min=(X=-100.000 Y=-100.000 Z=-100.000), Max=(X=100.000 Y=100.000 Z=100.000) RuntimeGrid:None EditorOnly:0 RuntimeOnly:0 HLODRelevant:0 FolderPath:Volumes FolderGuid:2494046C4731A4395AE7A28C12E3E62C
 |   |   |- Guid:AA6A979F4D0FB3990A2A7E8C8DDFE82B BaseClass: NativeClass:/Script/Engine.StaticMeshActor Name:StaticMeshActor_UAID_107C61B295B0444302_2082115150 Label:SM_Cube23 SpatiallyLoaded:1 Bounds:IsValid=true, Min=(X=6150.000 Y=750.000 Z=-0.000), Max=(X=6250.000 Y=2250.000 Z=500.000) RuntimeGrid:None EditorOnly:0 RuntimeOnly:0 HLODRelevant:1 FolderPath:Main Walls FolderGuid:8BEBE9BF4B243B09523D50B67B741FE7
 |   |   |- Guid:AC87A3D24A9F608FEE442AA977A05FDE BaseClass: NativeClass:/Script/Engine.StaticMeshActor Name:StaticMeshActor_UAID_107C61B295B0404302_1339881438 Label:SM_Cube32 SpatiallyLoaded:1 Bounds:IsValid=true, Min=(X=-850.000 Y=-2250.000 Z=0.000), Max=(X=-750.000 Y=-750.000 Z=500.000) RuntimeGrid:None EditorOnly:0 RuntimeOnly:0 HLODRelevant:1 FolderPath:Main Walls FolderGuid:8BEBE9BF4B243B09523D50B67B741FE7
 |   |   |- Guid:B36FA9BA49371F8E7B29A89A20974BE5 BaseClass: NativeClass:/Script/Engine.StaticMeshActor Name:StaticMeshActor_UAID_107C61B295B0444302_2114261156 Label:SM_Cube37 SpatiallyLoaded:1 Bounds:IsValid=true, Min=(X=752.465 Y=6150.000 Z=-0.000), Max=(X=2252.465 Y=6250.000 Z=500.000) RuntimeGrid:None EditorOnly:0 RuntimeOnly:0 HLODRelevant:1 FolderPath:Main Walls FolderGuid:8BEBE9BF4B243B09523D50B67B741FE7
 |   |   |- Guid:B8475197481A2AA87FE4908C97E051CE BaseClass: NativeClass:/Script/Engine.StaticMeshActor Name:StaticMeshActor_UAID_107C61B295B0454302_1401914352 Label:SM_Cylinder10 SpatiallyLoaded:1 Bounds:IsValid=true, Min=(X=-2005.278 Y=-10804.848 Z=190.498), Max=(X=-1505.279 Y=-10704.848 Z=690.497) RuntimeGrid:None EditorOnly:0 RuntimeOnly:0 HLODRelevant:1
 |   |   |- Guid:B8ABD40C495B4FD7C3A66FBD6A8E1B28 BaseClass: NativeClass:/Script/Engine.StaticMeshActor Name:StaticMeshActor_UAID_107C61B295B0454302_1453180365 Label:SM_ChamferCube5 SpatiallyLoaded:1 Bounds:IsValid=true, Min=(X=1021.663 Y=-2139.043 Z=104.735), Max=(X=1221.663 Y=-1939.043 Z=304.735) RuntimeGrid:None EditorOnly:0 RuntimeOnly:0 HLODRelevant:0
 |   |   |- Guid:BC77F0514215CAAAC0454CAEC64896CD BaseClass: NativeClass:/Script/Engine.StaticMeshActor Name:StaticMeshActor_UAID_107C61B295B0444302_2104425154 Label:SM_Cube35 SpatiallyLoaded:1 Bounds:IsValid=true, Min=(X=-6250.000 Y=6150.000 Z=0.000), Max=(X=-4750.000 Y=6250.000 Z=500.000) RuntimeGrid:None EditorOnly:0 RuntimeOnly:0 HLODRelevant:1 FolderPath:Main Walls FolderGuid:8BEBE9BF4B243B09523D50B67B741FE7
 |   |   |- Guid:C121F7C347EF44B2D3B2F0AC7CDE13CB BaseClass: NativeClass:/Script/Engine.StaticMeshActor Name:StaticMeshActor_UAID_107C61B295B0404302_1339879434 Label:SM_Cube28 SpatiallyLoaded:1 Bounds:IsValid=true, Min=(X=-850.000 Y=-6250.000 Z=0.000), Max=(X=-750.000 Y=-4750.000 Z=500.000) RuntimeGrid:None EditorOnly:0 RuntimeOnly:0 HLODRelevant:1 FolderPath:Main Walls FolderGuid:8BEBE9BF4B243B09523D50B67B741FE7
 |   |   |- Guid:C2263D444D11FB0BECEE0AB10679143B BaseClass: NativeClass:/Script/Engine.StaticMeshActor Name:StaticMeshActor_UAID_107C61B295B0454302_1192469340 Label:Floor2 SpatiallyLoaded:1 Bounds:IsValid=true, Min=(X=2250.000 Y=-11250.000 Z=-12.500), Max=(X=4750.000 Y=-6250.000 Z=12.500) RuntimeGrid:None EditorOnly:0 RuntimeOnly:0 HLODRelevant:1
 |   |   |- Guid:C569124346C65613D51919ABE73D7227 BaseClass: NativeClass:/Script/Engine.StaticMeshActor Name:StaticMeshActor_UAID_107C61B295B0444302_2010609147 Label:SM_Cube20 SpatiallyLoaded:1 Bounds:IsValid=true, Min=(X=-6250.000 Y=-2250.000 Z=0.000), Max=(X=-6150.000 Y=-750.000 Z=500.000) RuntimeGrid:None EditorOnly:0 RuntimeOnly:0 HLODRelevant:1 FolderPath:Main Walls FolderGuid:8BEBE9BF4B243B09523D50B67B741FE7
 |   |   |- Guid:C6A9D8AB4D1626D1305CEAA933D00C97 BaseClass: NativeClass:/Script/Engine.StaticMeshActor Name:StaticMeshActor_UAID_107C61B295B0404302_1339880435 Label:SM_Cube29 SpatiallyLoaded:1 Bounds:IsValid=true, Min=(X=750.000 Y=750.000 Z=0.000), Max=(X=850.000 Y=2250.000 Z=500.000) RuntimeGrid:None EditorOnly:0 RuntimeOnly:0 HLODRelevant:1 FolderPath:Main Walls FolderGuid:8BEBE9BF4B243B09523D50B67B741FE7
 |   |   |- Guid:CB33436A461E7849F304339947A30F02 BaseClass: NativeClass:/Script/Engine.TextRenderActor Name:TextRenderActor_UAID_107C61B295B0454302_1162768337 Label:TextRenderActor2 SpatiallyLoaded:1 Bounds:IsValid=true, Min=(X=5540.921 Y=-3204.065 Z=344.836), Max=(X=5540.921 Y=-1271.373 Z=594.836) RuntimeGrid:None EditorOnly:0 RuntimeOnly:0 HLODRelevant:0
 |   |   |- Guid:CB481F5C43CA88062D8DDBB53E3762CC BaseClass: NativeClass:/Script/Engine.StaticMeshActor Name:StaticMeshActor_UAID_107C61B295B0404302_1339877431 Label:SM_Cube25 SpatiallyLoaded:1 Bounds:IsValid=true, Min=(X=750.000 Y=4750.000 Z=0.000), Max=(X=850.000 Y=6250.000 Z=500.000) RuntimeGrid:None EditorOnly:0 RuntimeOnly:0 HLODRelevant:1 FolderPath:Main Walls FolderGuid:8BEBE9BF4B243B09523D50B67B741FE7
 |   |   |- Guid:CC587E98492BDD02AB2559944F413314 BaseClass: NativeClass:/Script/Engine.StaticMeshActor Name:StaticMeshActor_UAID_107C61B295B0404302_1330211421 Label:SM_Cube15 SpatiallyLoaded:1 Bounds:IsValid=true, Min=(X=-2250.000 Y=-850.000 Z=0.000), Max=(X=-750.000 Y=-750.000 Z=500.000) RuntimeGrid:None EditorOnly:0 RuntimeOnly:0 HLODRelevant:1 FolderPath:Main Walls FolderGuid:8BEBE9BF4B243B09523D50B67B741FE7
 |   |   |- Guid:CC995B7449F53FD82471F5ABE811AA98 BaseClass: NativeClass:/Script/Engine.StaticMeshActor Name:StaticMeshActor_UAID_107C61B295B0454302_1185240339 Label:SM_Cube2 SpatiallyLoaded:1 Bounds:IsValid=true, Min=(X=1424.249 Y=-1932.562 Z=7.318), Max=(X=1949.249 Y=-1407.562 Z=532.318) RuntimeGrid:None EditorOnly:0 RuntimeOnly:0 HLODRelevant:1
 |   |   |- Guid:CE1F9F7C41C71B76B8233F8348F3F2F3 BaseClass: NativeClass:/Script/Engine.StaticMeshActor Name:StaticMeshActor_UAID_107C61B295B0404302_1339880436 Label:SM_Cube30 SpatiallyLoaded:1 Bounds:IsValid=true, Min=(X=-850.000 Y=750.000 Z=0.000), Max=(X=-750.000 Y=2250.000 Z=500.000) RuntimeGrid:None EditorOnly:0 RuntimeOnly:0 HLODRelevant:1 FolderPath:Main Walls FolderGuid:8BEBE9BF4B243B09523D50B67B741FE7
 |   |   |- Guid:D13812E84DF6DBAA30239DB6E31624E0 BaseClass: NativeClass:/Script/Engine.StaticMeshActor Name:StaticMeshActor_UAID_107C61B295B0444302_2098867152 Label:SM_Cube33 SpatiallyLoaded:1 Bounds:IsValid=true, Min=(X=-6250.000 Y=750.000 Z=-0.000), Max=(X=-6150.000 Y=2250.000 Z=500.000) RuntimeGrid:None EditorOnly:0 RuntimeOnly:0 HLODRelevant:1 FolderPath:Main Walls FolderGuid:8BEBE9BF4B243B09523D50B67B741FE7
 |   |   |- Guid:D323BD5546B952B6939146B546EC3EC0 BaseClass: NativeClass:/Script/Engine.StaticMeshActor Name:StaticMeshActor_UAID_107C61B295B0444302_1975914145 Label:SM_Cube18 SpatiallyLoaded:1 Bounds:IsValid=true, Min=(X=-2250.000 Y=-6250.000 Z=0.000), Max=(X=-750.000 Y=-6150.000 Z=500.000) RuntimeGrid:None EditorOnly:0 RuntimeOnly:0 HLODRelevant:1 FolderPath:Main Walls FolderGuid:8BEBE9BF4B243B09523D50B67B741FE7
 |   |   |- Guid:D7EE2B96492703DDDE3348B06987AFED BaseClass: NativeClass:/Script/Engine.StaticMeshActor Name:StaticMeshActor_UAID_107C61B295B0454302_1287250350 Label:Floor4 SpatiallyLoaded:1 Bounds:IsValid=true, Min=(X=5750.000 Y=-11250.000 Z=-12.500), Max=(X=8250.000 Y=-6250.000 Z=12.500) RuntimeGrid:None EditorOnly:0 RuntimeOnly:0 HLODRelevant:1
 |   |   |- Guid:DDBB51DB418549057162E59BA6256D7D BaseClass: NativeClass:/Script/Engine.StaticMeshActor Name:StaticMeshActor_UAID_107C61B295B0454302_1403081353 Label:SM_Cylinder11 SpatiallyLoaded:1 Bounds:IsValid=true, Min=(X=-316.738 Y=-9323.084 Z=190.498), Max=(X=183.262 Y=-9223.084 Z=690.497) RuntimeGrid:None EditorOnly:0 RuntimeOnly:0 HLODRelevant:1
 |   |   |- Guid:DFAB3EC44A413923E64F499543FA20B9 BaseClass: NativeClass:/Script/Engine.StaticMeshActor Name:StaticMeshActor_UAID_107C61B295B0354302_1153219580 Label:Floor SpatiallyLoaded:1 Bounds:IsValid=true, Min=(X=-6250.000 Y=-6250.000 Z=-12.500), Max=(X=6250.000 Y=6250.000 Z=12.500) RuntimeGrid:None EditorOnly:0 RuntimeOnly:0 HLODRelevant:1 FolderGuid:F22D77DE4BF4FF7187A46EBC2BEFA2D9
 |   |   |- Guid:E06431564BB8184698ECF8A4F7797D37 BaseClass: NativeClass:/Script/Engine.StaticMeshActor Name:StaticMeshActor_UAID_107C61B295B0444302_2082115151 Label:SM_Cube24 SpatiallyLoaded:1 Bounds:IsValid=true, Min=(X=6150.000 Y=4750.000 Z=-0.000), Max=(X=6250.000 Y=6250.000 Z=500.000) RuntimeGrid:None EditorOnly:0 RuntimeOnly:0 HLODRelevant:1 FolderPath:Main Walls FolderGuid:8BEBE9BF4B243B09523D50B67B741FE7
 |   |   |- Guid:E7F9B1764C14D2C064904E8808883A38 BaseClass: NativeClass:/Script/Engine.StaticMeshActor Name:StaticMeshActor_UAID_107C61B295B0454302_1284993349 Label:Floor3 SpatiallyLoaded:1 Bounds:IsValid=true, Min=(X=-1250.000 Y=-11250.000 Z=-12.500), Max=(X=1250.000 Y=-6250.000 Z=12.500) RuntimeGrid:None EditorOnly:0 RuntimeOnly:0 HLODRelevant:1
 |   |   |- Guid:E99EC8974704543F51F79D8E802DF467 BaseClass: NativeClass:/Script/Engine.StaticMeshActor Name:StaticMeshActor_UAID_107C61B295B0454302_1267685343 Label:SM_Cylinder3 SpatiallyLoaded:1 Bounds:IsValid=true, Min=(X=5516.104 Y=-9532.501 Z=3193.344), Max=(X=6016.103 Y=-9432.501 Z=3693.344) RuntimeGrid:None EditorOnly:0 RuntimeOnly:0 HLODRelevant:1
 |   |   |- Guid:EBD425A444D47D6F8142618BD5F7C3AE BaseClass: NativeClass:/Script/Engine.StaticMeshActor Name:StaticMeshActor_UAID_107C61B295B0454302_1408377355 Label:SM_Cylinder13 SpatiallyLoaded:1 Bounds:IsValid=true, Min=(X=2097.281 Y=-9323.084 Z=2779.762), Max=(X=2597.281 Y=-9223.084 Z=3279.762) RuntimeGrid:None EditorOnly:0 RuntimeOnly:0 HLODRelevant:1
 |   |   |- Guid:EC45C98849A59A7DFE03339104F95AE4 BaseClass: NativeClass:/Script/Engine.StaticMeshActor Name:StaticMeshActor_UAID_107C61B295B0454302_1412995358 Label:SM_Cylinder16 SpatiallyLoaded:1 Bounds:IsValid=true, Min=(X=-2595.474 Y=-8282.435 Z=2779.762), Max=(X=-2095.475 Y=-8182.435 Z=3279.762) RuntimeGrid:None EditorOnly:0 RuntimeOnly:0 HLODRelevant:1
 |   |   |- Guid:EDCAAC39432D2F3072E2BF96D9871950 BaseClass: NativeClass:/Script/Engine.StaticMeshActor Name:StaticMeshActor_UAID_107C61B295B0404302_1339877432 Label:SM_Cube26 SpatiallyLoaded:1 Bounds:IsValid=true, Min=(X=-850.000 Y=4750.000 Z=0.000), Max=(X=-750.000 Y=6250.000 Z=500.000) RuntimeGrid:None EditorOnly:0 RuntimeOnly:0 HLODRelevant:1 FolderPath:Main Walls FolderGuid:8BEBE9BF4B243B09523D50B67B741FE7
 |   |   |- Guid:F099EAED4BD139182D02ABA2390B48B3 BaseClass: NativeClass:/Script/Engine.StaticMeshActor Name:StaticMeshActor_UAID_107C61B295B0444302_2065774149 Label:SM_Cube22 SpatiallyLoaded:1 Bounds:IsValid=true, Min=(X=6150.000 Y=-2250.000 Z=0.000), Max=(X=6250.000 Y=-750.000 Z=500.000) RuntimeGrid:None EditorOnly:0 RuntimeOnly:0 HLODRelevant:1 FolderPath:Main Walls FolderGuid:8BEBE9BF4B243B09523D50B67B741FE7
 |   |   |- Guid:F5B5D452459EB47067A9CEA7308E067E BaseClass: NativeClass:/Script/Engine.TextRenderActor Name:TextRenderActor_UAID_107C61B295B0454302_1105476336 Label:TextRenderActor SpatiallyLoaded:1 Bounds:IsValid=true, Min=(X=5540.921 Y=-5976.533 Z=344.836), Max=(X=5540.921 Y=-4043.841 Z=594.836) RuntimeGrid:None EditorOnly:0 RuntimeOnly:0 HLODRelevant:0
 |   |   |- Guid:F825190247D7C8D943B86C92CE91C523 BaseClass: NativeClass:/Script/Engine.StaticMeshActor Name:StaticMeshActor_UAID_107C61B295B0454302_1454739366 Label:SM_ChamferCube6 SpatiallyLoaded:1 Bounds:IsValid=true, Min=(X=5870.331 Y=-1641.716 Z=104.735), Max=(X=6070.331 Y=-1441.716 Z=304.735) RuntimeGrid:None EditorOnly:0 RuntimeOnly:0 HLODRelevant:0
 |   |   |- Guid:F85D77034C0DCBB81DE1318CB4A5C40A BaseClass:/Game/Characters/Player/BP_Player.BP_Player_C NativeClass:/Script/Engine.Character Name:BP_Player_C_UAID_107C61B295B0364302_1918852491 Label:BP_Player SpatiallyLoaded:1 Bounds:IsValid=true, Min=(X=-199.806 Y=-73.958 Z=12.500), Max=(X=172.035 Y=1.762 Z=192.500) RuntimeGrid:None EditorOnly:0 RuntimeOnly:0 HLODRelevant:0
 |   |   |- Guid:FB3865AC474F9A03BF9D8689E26D50A0 BaseClass: NativeClass:/Script/Engine.StaticMeshActor Name:StaticMeshActor_UAID_107C61B295B0444302_2098869153 Label:SM_Cube34 SpatiallyLoaded:1 Bounds:IsValid=true, Min=(X=-6250.000 Y=4750.000 Z=-0.000), Max=(X=-6150.000 Y=6250.000 Z=500.000) RuntimeGrid:None EditorOnly:0 RuntimeOnly:0 HLODRelevant:1 FolderPath:Main Walls FolderGuid:8BEBE9BF4B243B09523D50B67B741FE7
 |   |   |- Guid:FF2A340C437DCDABEDE042AD488EEFD8 BaseClass: NativeClass:/Script/Engine.StaticMeshActor Name:StaticMeshActor_UAID_107C61B295B0454302_1264455342 Label:SM_Cylinder2 SpatiallyLoaded:1 Bounds:IsValid=true, Min=(X=1558.896 Y=-9532.501 Z=190.498), Max=(X=2058.896 Y=-9432.501 Z=690.497) RuntimeGrid:None EditorOnly:0 RuntimeOnly:0 HLODRelevant:1
 |   |- [+] Clusters:
 |   |   |- [+] [  0]
 |   |   |   |- Guid:4A3A32AC403A904156CB5BAE2F64EDCD BaseClass: NativeClass:/Script/Engine.StaticMeshActor Name:StaticMeshActor_UAID_107C61B295B0454302_1436977361 Label:SM_ChamferCube SpatiallyLoaded:1 Bounds:IsValid=true, Min=(X=2037.178 Y=-5202.245 Z=104.735), Max=(X=2237.178 Y=-5002.245 Z=304.735) RuntimeGrid:None EditorOnly:0 RuntimeOnly:0 HLODRelevant:0
 |   |   |- [+] [  1]
 |   |   |   |- Guid:3542D44843D625F944F482AA44EB1BE8 BaseClass: NativeClass:/Script/Engine.StaticMeshActor Name:StaticMeshActor_UAID_107C61B295B0454302_1460187369 Label:SM_ChamferCube9 SpatiallyLoaded:1 Bounds:IsValid=true, Min=(X=4441.805 Y=-6216.840 Z=104.735), Max=(X=4641.805 Y=-6016.840 Z=304.735) RuntimeGrid:None EditorOnly:0 RuntimeOnly:0 HLODRelevant:0
 |   |   |- [+] [  2]
 |   |   |   |- Guid:EC45C98849A59A7DFE03339104F95AE4 BaseClass: NativeClass:/Script/Engine.StaticMeshActor Name:StaticMeshActor_UAID_107C61B295B0454302_1412995358 Label:SM_Cylinder16 SpatiallyLoaded:1 Bounds:IsValid=true, Min=(X=-2595.474 Y=-8282.435 Z=2779.762), Max=(X=-2095.475 Y=-8182.435 Z=3279.762) RuntimeGrid:None EditorOnly:0 RuntimeOnly:0 HLODRelevant:1
 |   |   |- [+] [  3]
 |   |   |   |- Guid:826AAA144751DB6413E181A9449882DD BaseClass: NativeClass:/Script/Engine.StaticMeshActor Name:StaticMeshActor_UAID_107C61B295B0454302_1411587357 Label:SM_Cylinder15 SpatiallyLoaded:1 Bounds:IsValid=true, Min=(X=4992.968 Y=-8282.435 Z=2779.762), Max=(X=5492.968 Y=-8182.435 Z=3279.762) RuntimeGrid:None EditorOnly:0 RuntimeOnly:0 HLODRelevant:1
 |   |   |- [+] [  4]
 |   |   |   |- Guid:1E3AC9C84D3287D0EB1FB0AB154DB9AE BaseClass: NativeClass:/Script/Engine.StaticMeshActor Name:StaticMeshActor_UAID_107C61B295B0454302_1410114356 Label:SM_Cylinder14 SpatiallyLoaded:1 Bounds:IsValid=true, Min=(X=4992.968 Y=-10896.631 Z=2779.762), Max=(X=5492.968 Y=-10796.631 Z=3279.762) RuntimeGrid:None EditorOnly:0 RuntimeOnly:0 HLODRelevant:1
 |   |   |- [+] [  5]
 |   |   |   |- Guid:EBD425A444D47D6F8142618BD5F7C3AE BaseClass: NativeClass:/Script/Engine.StaticMeshActor Name:StaticMeshActor_UAID_107C61B295B0454302_1408377355 Label:SM_Cylinder13 SpatiallyLoaded:1 Bounds:IsValid=true, Min=(X=2097.281 Y=-9323.084 Z=2779.762), Max=(X=2597.281 Y=-9223.084 Z=3279.762) RuntimeGrid:None EditorOnly:0 RuntimeOnly:0 HLODRelevant:1
 |   |   |- [+] [  6]
 |   |   |   |- Guid:0542441A4E111727FDE76CB81BD88FCB BaseClass: NativeClass:/Script/Engine.StaticMeshActor Name:StaticMeshActor_UAID_107C61B295B0404302_1264438416 Label:SM_Cube10 SpatiallyLoaded:1 Bounds:IsValid=true, Min=(X=4750.000 Y=750.000 Z=0.000), Max=(X=6250.000 Y=850.000 Z=500.000) RuntimeGrid:None EditorOnly:0 RuntimeOnly:0 HLODRelevant:1 FolderPath:Main Walls FolderGuid:8BEBE9BF4B243B09523D50B67B741FE7
 |   |   |- [+] [  7]
 |   |   |   |- Guid:5A0EE4854A3892B3F30F439C374C8AE9 BaseClass: NativeClass:/Script/Engine.StaticMeshActor Name:StaticMeshActor_UAID_107C61B295B0454302_1407276354 Label:SM_Cylinder12 SpatiallyLoaded:1 Bounds:IsValid=true, Min=(X=-316.738 Y=-9323.084 Z=3754.225), Max=(X=183.262 Y=-9223.084 Z=4254.224) RuntimeGrid:None EditorOnly:0 RuntimeOnly:0 HLODRelevant:1
 |   |   |- [+] [  8]
 |   |   |   |- Guid:DDBB51DB418549057162E59BA6256D7D BaseClass: NativeClass:/Script/Engine.StaticMeshActor Name:StaticMeshActor_UAID_107C61B295B0454302_1403081353 Label:SM_Cylinder11 SpatiallyLoaded:1 Bounds:IsValid=true, Min=(X=-316.738 Y=-9323.084 Z=190.498), Max=(X=183.262 Y=-9223.084 Z=690.497) RuntimeGrid:None EditorOnly:0 RuntimeOnly:0 HLODRelevant:1
 |   |   |- [+] [  9]
 |   |   |   |- Guid:B8475197481A2AA87FE4908C97E051CE BaseClass: NativeClass:/Script/Engine.StaticMeshActor Name:StaticMeshActor_UAID_107C61B295B0454302_1401914352 Label:SM_Cylinder10 SpatiallyLoaded:1 Bounds:IsValid=true, Min=(X=-2005.278 Y=-10804.848 Z=190.498), Max=(X=-1505.279 Y=-10704.848 Z=690.497) RuntimeGrid:None EditorOnly:0 RuntimeOnly:0 HLODRelevant:1
 |   |   |- [+] [ 10]
 |   |   |   |- Guid:3EA26C08443E5CB05E485796C68D93CD BaseClass: NativeClass:/Script/Engine.StaticMeshActor Name:StaticMeshActor_UAID_107C61B295B0454302_1400891351 Label:SM_Cylinder9 SpatiallyLoaded:1 Bounds:IsValid=true, Min=(X=9002.452 Y=-10804.848 Z=190.498), Max=(X=9502.452 Y=-10704.848 Z=690.497) RuntimeGrid:None EditorOnly:0 RuntimeOnly:0 HLODRelevant:1
 |   |   |- [+] [ 11]
 |   |   |   |- Guid:93C2D5244F368D67DA03F78F435A0106 BaseClass: NativeClass:/Script/Engine.StaticMeshActor Name:StaticMeshActor_UAID_107C61B295B0404302_1315738420 Label:SM_Cube14 SpatiallyLoaded:1 Bounds:IsValid=true, Min=(X=750.000 Y=750.000 Z=0.000), Max=(X=2250.000 Y=850.000 Z=500.000) RuntimeGrid:None EditorOnly:0 RuntimeOnly:0 HLODRelevant:1 FolderPath:Main Walls FolderGuid:8BEBE9BF4B243B09523D50B67B741FE7
 |   |   |- [+] [ 12]
 |   |   |   |- Guid:E7F9B1764C14D2C064904E8808883A38 BaseClass: NativeClass:/Script/Engine.StaticMeshActor Name:StaticMeshActor_UAID_107C61B295B0454302_1284993349 Label:Floor3 SpatiallyLoaded:1 Bounds:IsValid=true, Min=(X=-1250.000 Y=-11250.000 Z=-12.500), Max=(X=1250.000 Y=-6250.000 Z=12.500) RuntimeGrid:None EditorOnly:0 RuntimeOnly:0 HLODRelevant:1
 |   |   |- [+] [ 13]
 |   |   |   |- Guid:0E410B0F4EED4CC519FDF5A1D447DF7C BaseClass: NativeClass:/Script/Engine.StaticMeshActor Name:StaticMeshActor_UAID_107C61B295B0454302_1280067348 Label:SM_Cylinder8 SpatiallyLoaded:1 Bounds:IsValid=true, Min=(X=8520.648 Y=-7424.662 Z=648.798), Max=(X=9020.647 Y=-7324.662 Z=1148.798) RuntimeGrid:None EditorOnly:0 RuntimeOnly:0 HLODRelevant:1
 |   |   |- [+] [ 14]
 |   |   |   |- Guid:3AADED6142FFA7FB44E039A41358CD57 BaseClass: NativeClass:/Script/Engine.StaticMeshActor Name:StaticMeshActor_UAID_107C61B295B0454302_1278939347 Label:SM_Cylinder7 SpatiallyLoaded:1 Bounds:IsValid=true, Min=(X=6446.279 Y=-12024.237 Z=648.798), Max=(X=6946.279 Y=-11924.237 Z=1148.798) RuntimeGrid:None EditorOnly:0 RuntimeOnly:0 HLODRelevant:1
 |   |   |- [+] [ 15]
 |   |   |   |- Guid:5EB4DF724537BF5FD2326B9EE83BCB4F BaseClass: NativeClass:/Script/Engine.StaticMeshActor Name:StaticMeshActor_UAID_107C61B295B0454302_1277045346 Label:SM_Cylinder6 SpatiallyLoaded:1 Bounds:IsValid=true, Min=(X=143.242 Y=-12024.237 Z=648.798), Max=(X=643.242 Y=-11924.237 Z=1148.798) RuntimeGrid:None EditorOnly:0 RuntimeOnly:0 HLODRelevant:1
 |   |   |- [+] [ 16]
 |   |   |   |- Guid:926BBF7947917C702E07F49C8ED47121 BaseClass: NativeClass:/Script/Engine.StaticMeshActor Name:StaticMeshActor_UAID_107C61B295B0454302_1273726345 Label:SM_Cylinder5 SpatiallyLoaded:1 Bounds:IsValid=true, Min=(X=-1492.705 Y=-6781.660 Z=648.798), Max=(X=-992.705 Y=-6681.660 Z=1148.798) RuntimeGrid:None EditorOnly:0 RuntimeOnly:0 HLODRelevant:1
 |   |   |- [+] [ 17]
 |   |   |   |- Guid:7186FC054E877A8FDE8AA6BCE125282D BaseClass: NativeClass:/Script/Engine.StaticMeshActor Name:StaticMeshActor_UAID_107C61B295B0454302_1270032344 Label:SM_Cylinder4 SpatiallyLoaded:1 Bounds:IsValid=true, Min=(X=4472.257 Y=-6781.660 Z=848.180), Max=(X=4972.257 Y=-6681.660 Z=1348.180) RuntimeGrid:None EditorOnly:0 RuntimeOnly:0 HLODRelevant:1
 |   |   |- [+] [ 18]
 |   |   |   |- Guid:08E2D1DB4B78A74B59B0089C0D5BCF83 BaseClass: NativeClass:/Script/Engine.TargetPoint Name:TargetPoint_UAID_107C61B295B0354302_2110439599 Label:Inventory Area Point SpatiallyLoaded:1 Bounds:IsValid=true, Min=(X=281.043 Y=2026.465 Z=1158.562), Max=(X=281.043 Y=2026.465 Z=1158.562) RuntimeGrid:None EditorOnly:0 RuntimeOnly:0 HLODRelevant:0 Parent:4A6EB1E849DBBF864E6CA085FDDF88B9
 |   |   |   |- Guid:4A6EB1E849DBBF864E6CA085FDDF88B9 BaseClass: NativeClass:/Script/Engine.StaticMeshActor Name:StaticMeshActor_UAID_107C61B295B0354302_2096738598 Label:Inventory Area SpatiallyLoaded:1 Bounds:IsValid=true, Min=(X=81.043 Y=1776.465 Z=1008.562), Max=(X=481.043 Y=2276.465 Z=1108.562) RuntimeGrid:None EditorOnly:0 RuntimeOnly:0 HLODRelevant:1
 |   |   |- [+] [ 19]
 |   |   |   |- Guid:E99EC8974704543F51F79D8E802DF467 BaseClass: NativeClass:/Script/Engine.StaticMeshActor Name:StaticMeshActor_UAID_107C61B295B0454302_1267685343 Label:SM_Cylinder3 SpatiallyLoaded:1 Bounds:IsValid=true, Min=(X=5516.104 Y=-9532.501 Z=3193.344), Max=(X=6016.103 Y=-9432.501 Z=3693.344) RuntimeGrid:None EditorOnly:0 RuntimeOnly:0 HLODRelevant:1
 |   |   |- [+] [ 20]
 |   |   |   |- Guid:FF2A340C437DCDABEDE042AD488EEFD8 BaseClass: NativeClass:/Script/Engine.StaticMeshActor Name:StaticMeshActor_UAID_107C61B295B0454302_1264455342 Label:SM_Cylinder2 SpatiallyLoaded:1 Bounds:IsValid=true, Min=(X=1558.896 Y=-9532.501 Z=190.498), Max=(X=2058.896 Y=-9432.501 Z=690.497) RuntimeGrid:None EditorOnly:0 RuntimeOnly:0 HLODRelevant:1
 |   |   |- [+] [ 21]
 |   |   |   |- Guid:4BF61947401B4171DE7694A78D72E763 BaseClass: NativeClass:/Script/Engine.StaticMeshActor Name:StaticMeshActor_UAID_107C61B295B0454302_1233679341 Label:SM_Cylinder SpatiallyLoaded:1 Bounds:IsValid=true, Min=(X=3151.878 Y=-10804.848 Z=190.498), Max=(X=3651.878 Y=-10704.848 Z=690.497) RuntimeGrid:None EditorOnly:0 RuntimeOnly:0 HLODRelevant:1
 |   |   |- [+] [ 22]
 |   |   |   |- Guid:D7EE2B96492703DDDE3348B06987AFED BaseClass: NativeClass:/Script/Engine.StaticMeshActor Name:StaticMeshActor_UAID_107C61B295B0454302_1287250350 Label:Floor4 SpatiallyLoaded:1 Bounds:IsValid=true, Min=(X=5750.000 Y=-11250.000 Z=-12.500), Max=(X=8250.000 Y=-6250.000 Z=12.500) RuntimeGrid:None EditorOnly:0 RuntimeOnly:0 HLODRelevant:1
 |   |   |- [+] [ 23]
 |   |   |   |- Guid:3B742FC149FE53E3941C45AB693D3238 BaseClass: NativeClass:/Script/Engine.StaticMeshActor Name:StaticMeshActor_UAID_107C61B295B0454302_1178158338 Label:SM_Cube SpatiallyLoaded:1 Bounds:IsValid=true, Min=(X=1424.249 Y=-5485.024 Z=7.318), Max=(X=1949.249 Y=-4960.024 Z=532.318) RuntimeGrid:None EditorOnly:0 RuntimeOnly:0 HLODRelevant:1
 |   |   |- [+] [ 24]
 |   |   |   |- Guid:CC995B7449F53FD82471F5ABE811AA98 BaseClass: NativeClass:/Script/Engine.StaticMeshActor Name:StaticMeshActor_UAID_107C61B295B0454302_1185240339 Label:SM_Cube2 SpatiallyLoaded:1 Bounds:IsValid=true, Min=(X=1424.249 Y=-1932.562 Z=7.318), Max=(X=1949.249 Y=-1407.562 Z=532.318) RuntimeGrid:None EditorOnly:0 RuntimeOnly:0 HLODRelevant:1
 |   |   |- [+] [ 25]
 |   |   |   |- Guid:F5B5D452459EB47067A9CEA7308E067E BaseClass: NativeClass:/Script/Engine.TextRenderActor Name:TextRenderActor_UAID_107C61B295B0454302_1105476336 Label:TextRenderActor SpatiallyLoaded:1 Bounds:IsValid=true, Min=(X=5540.921 Y=-5976.533 Z=344.836), Max=(X=5540.921 Y=-4043.841 Z=594.836) RuntimeGrid:None EditorOnly:0 RuntimeOnly:0 HLODRelevant:0
 |   |   |- [+] [ 26]
 |   |   |   |- Guid:C2263D444D11FB0BECEE0AB10679143B BaseClass: NativeClass:/Script/Engine.StaticMeshActor Name:StaticMeshActor_UAID_107C61B295B0454302_1192469340 Label:Floor2 SpatiallyLoaded:1 Bounds:IsValid=true, Min=(X=2250.000 Y=-11250.000 Z=-12.500), Max=(X=4750.000 Y=-6250.000 Z=12.500) RuntimeGrid:None EditorOnly:0 RuntimeOnly:0 HLODRelevant:1
 |   |   |- [+] [ 27]
 |   |   |   |- Guid:3C83BA474AAA48137AC64C89DA8D060B BaseClass: NativeClass:/Script/Engine.StaticMeshActor Name:StaticMeshActor_UAID_107C61B295B0444302_2120884159 Label:SM_Cube40 SpatiallyLoaded:1 Bounds:IsValid=true, Min=(X=4752.465 Y=-6250.000 Z=0.000), Max=(X=6252.465 Y=-6150.000 Z=500.000) RuntimeGrid:None EditorOnly:0 RuntimeOnly:0 HLODRelevant:1 FolderPath:Main Walls FolderGuid:8BEBE9BF4B243B09523D50B67B741FE7
 |   |   |- [+] [ 28]
 |   |   |   |- Guid:A8CC75A8496580363E62509132400309 BaseClass: NativeClass:/Script/Engine.PostProcessVolume Name:PostProcessVolume_UAID_107C61B295B0954202_2044848418 Label:PostProcessVolume2 SpatiallyLoaded:0 Bounds:IsValid=true, Min=(X=-100.000 Y=-100.000 Z=-100.000), Max=(X=100.000 Y=100.000 Z=100.000) RuntimeGrid:None EditorOnly:0 RuntimeOnly:0 HLODRelevant:0 FolderPath:Volumes FolderGuid:2494046C4731A4395AE7A28C12E3E62C
 |   |   |- [+] [ 29]
 |   |   |   |- Guid:A028ADDD433894B7BF66A0A44B18BDE5 BaseClass: NativeClass:/Script/Engine.StaticMeshActor Name:StaticMeshActor_UAID_107C61B295B0404302_1303889417 Label:SM_Cube11 SpatiallyLoaded:1 Bounds:IsValid=true, Min=(X=-6250.000 Y=-850.000 Z=0.000), Max=(X=-4750.000 Y=-750.000 Z=500.000) RuntimeGrid:None EditorOnly:0 RuntimeOnly:0 HLODRelevant:1 FolderPath:Main Walls FolderGuid:8BEBE9BF4B243B09523D50B67B741FE7
 |   |   |- [+] [ 30]
 |   |   |   |- Guid:8DDB873A42F1F7C54A635EB6835CBD18 BaseClass: NativeClass:/Script/Engine.StaticMeshActor Name:StaticMeshActor_UAID_107C61B295B0444302_2120882158 Label:SM_Cube39 SpatiallyLoaded:1 Bounds:IsValid=true, Min=(X=752.465 Y=-6250.000 Z=0.000), Max=(X=2252.465 Y=-6150.000 Z=500.000) RuntimeGrid:None EditorOnly:0 RuntimeOnly:0 HLODRelevant:1 FolderPath:Main Walls FolderGuid:8BEBE9BF4B243B09523D50B67B741FE7
 |   |   |- [+] [ 31]
 |   |   |   |- Guid:4F9BCB464C7EFB9D2B20AF923C52AD8F BaseClass: NativeClass:/Script/Engine.StaticMeshActor Name:StaticMeshActor_UAID_107C61B295B0444302_2114262157 Label:SM_Cube38 SpatiallyLoaded:1 Bounds:IsValid=true, Min=(X=4752.465 Y=6150.000 Z=-0.000), Max=(X=6252.465 Y=6250.000 Z=500.000) RuntimeGrid:None EditorOnly:0 RuntimeOnly:0 HLODRelevant:1 FolderPath:Main Walls FolderGuid:8BEBE9BF4B243B09523D50B67B741FE7
 |   |   |- [+] [ 32]
 |   |   |   |- Guid:B36FA9BA49371F8E7B29A89A20974BE5 BaseClass: NativeClass:/Script/Engine.StaticMeshActor Name:StaticMeshActor_UAID_107C61B295B0444302_2114261156 Label:SM_Cube37 SpatiallyLoaded:1 Bounds:IsValid=true, Min=(X=752.465 Y=6150.000 Z=-0.000), Max=(X=2252.465 Y=6250.000 Z=500.000) RuntimeGrid:None EditorOnly:0 RuntimeOnly:0 HLODRelevant:1 FolderPath:Main Walls FolderGuid:8BEBE9BF4B243B09523D50B67B741FE7
 |   |   |- [+] [ 33]
 |   |   |   |- Guid:F85D77034C0DCBB81DE1318CB4A5C40A BaseClass:/Game/Characters/Player/BP_Player.BP_Player_C NativeClass:/Script/Engine.Character Name:BP_Player_C_UAID_107C61B295B0364302_1918852491 Label:BP_Player SpatiallyLoaded:1 Bounds:IsValid=true, Min=(X=-199.806 Y=-73.958 Z=12.500), Max=(X=172.035 Y=1.762 Z=192.500) RuntimeGrid:None EditorOnly:0 RuntimeOnly:0 HLODRelevant:0
 |   |   |- [+] [ 34]
 |   |   |   |- Guid:7DFE781D468C545D38293E98FCDA5942 BaseClass: NativeClass:/Script/Engine.StaticMeshActor Name:StaticMeshActor_UAID_107C61B295B0444302_1975913144 Label:SM_Cube17 SpatiallyLoaded:1 Bounds:IsValid=true, Min=(X=-6250.000 Y=-6250.000 Z=0.000), Max=(X=-4750.000 Y=-6150.000 Z=500.000) RuntimeGrid:None EditorOnly:0 RuntimeOnly:0 HLODRelevant:1 FolderPath:Main Walls FolderGuid:8BEBE9BF4B243B09523D50B67B741FE7
 |   |   |- [+] [ 35]
 |   |   |   |- Guid:27AA60A54240A3676847C6B6B67533A6 BaseClass: NativeClass:/Script/Engine.StaticMeshActor Name:StaticMeshActor_UAID_107C61B295B0444302_2104426155 Label:SM_Cube36 SpatiallyLoaded:1 Bounds:IsValid=true, Min=(X=-2250.000 Y=6150.000 Z=0.000), Max=(X=-750.000 Y=6250.000 Z=500.000) RuntimeGrid:None EditorOnly:0 RuntimeOnly:0 HLODRelevant:1 FolderPath:Main Walls FolderGuid:8BEBE9BF4B243B09523D50B67B741FE7
 |   |   |- [+] [ 36]
 |   |   |   |- Guid:224633A54EB060BB0FB2339AB1465D0A BaseClass:/Game/UltraDynamicSky/Blueprints/Ultra_Dynamic_Weather.Ultra_Dynamic_Weather_C NativeClass:/Script/Engine.Actor Name:Ultra_Dynamic_Weather_C_UAID_A85E45A79B400A0F02_1730026096 Label:Ultra_Dynamic_Weather SpatiallyLoaded:0 Bounds:IsValid=true, Min=(X=-5000000000.000 Y=-5000000000.000 Z=-5000000100.000), Max=(X=5000000000.000 Y=5000000000.000 Z=4999999900.000) RuntimeGrid:None EditorOnly:0 RuntimeOnly:0 HLODRelevant:0 FolderPath:Lighting FolderGuid:963EC3EB4002CCE9759E2EBA541A873A
 |   |   |- [+] [ 37]
 |   |   |   |- Guid:BC77F0514215CAAAC0454CAEC64896CD BaseClass: NativeClass:/Script/Engine.StaticMeshActor Name:StaticMeshActor_UAID_107C61B295B0444302_2104425154 Label:SM_Cube35 SpatiallyLoaded:1 Bounds:IsValid=true, Min=(X=-6250.000 Y=6150.000 Z=0.000), Max=(X=-4750.000 Y=6250.000 Z=500.000) RuntimeGrid:None EditorOnly:0 RuntimeOnly:0 HLODRelevant:1 FolderPath:Main Walls FolderGuid:8BEBE9BF4B243B09523D50B67B741FE7
 |   |   |- [+] [ 38]
 |   |   |   |- Guid:FB3865AC474F9A03BF9D8689E26D50A0 BaseClass: NativeClass:/Script/Engine.StaticMeshActor Name:StaticMeshActor_UAID_107C61B295B0444302_2098869153 Label:SM_Cube34 SpatiallyLoaded:1 Bounds:IsValid=true, Min=(X=-6250.000 Y=4750.000 Z=-0.000), Max=(X=-6150.000 Y=6250.000 Z=500.000) RuntimeGrid:None EditorOnly:0 RuntimeOnly:0 HLODRelevant:1 FolderPath:Main Walls FolderGuid:8BEBE9BF4B243B09523D50B67B741FE7
 |   |   |- [+] [ 39]
 |   |   |   |- Guid:D13812E84DF6DBAA30239DB6E31624E0 BaseClass: NativeClass:/Script/Engine.StaticMeshActor Name:StaticMeshActor_UAID_107C61B295B0444302_2098867152 Label:SM_Cube33 SpatiallyLoaded:1 Bounds:IsValid=true, Min=(X=-6250.000 Y=750.000 Z=-0.000), Max=(X=-6150.000 Y=2250.000 Z=500.000) RuntimeGrid:None EditorOnly:0 RuntimeOnly:0 HLODRelevant:1 FolderPath:Main Walls FolderGuid:8BEBE9BF4B243B09523D50B67B741FE7
 |   |   |- [+] [ 40]
 |   |   |   |- Guid:E06431564BB8184698ECF8A4F7797D37 BaseClass: NativeClass:/Script/Engine.StaticMeshActor Name:StaticMeshActor_UAID_107C61B295B0444302_2082115151 Label:SM_Cube24 SpatiallyLoaded:1 Bounds:IsValid=true, Min=(X=6150.000 Y=4750.000 Z=-0.000), Max=(X=6250.000 Y=6250.000 Z=500.000) RuntimeGrid:None EditorOnly:0 RuntimeOnly:0 HLODRelevant:1 FolderPath:Main Walls FolderGuid:8BEBE9BF4B243B09523D50B67B741FE7
 |   |   |- [+] [ 41]
 |   |   |   |- Guid:CB33436A461E7849F304339947A30F02 BaseClass: NativeClass:/Script/Engine.TextRenderActor Name:TextRenderActor_UAID_107C61B295B0454302_1162768337 Label:TextRenderActor2 SpatiallyLoaded:1 Bounds:IsValid=true, Min=(X=5540.921 Y=-3204.065 Z=344.836), Max=(X=5540.921 Y=-1271.373 Z=594.836) RuntimeGrid:None EditorOnly:0 RuntimeOnly:0 HLODRelevant:0
 |   |   |- [+] [ 42]
 |   |   |   |- Guid:AA6A979F4D0FB3990A2A7E8C8DDFE82B BaseClass: NativeClass:/Script/Engine.StaticMeshActor Name:StaticMeshActor_UAID_107C61B295B0444302_2082115150 Label:SM_Cube23 SpatiallyLoaded:1 Bounds:IsValid=true, Min=(X=6150.000 Y=750.000 Z=-0.000), Max=(X=6250.000 Y=2250.000 Z=500.000) RuntimeGrid:None EditorOnly:0 RuntimeOnly:0 HLODRelevant:1 FolderPath:Main Walls FolderGuid:8BEBE9BF4B243B09523D50B67B741FE7
 |   |   |- [+] [ 43]
 |   |   |   |- Guid:1546477949BB803065CA26B810A5808F BaseClass: NativeClass:/Script/Engine.StaticMeshActor Name:StaticMeshActor_UAID_107C61B295B0404302_1264437415 Label:SM_Cube9 SpatiallyLoaded:1 Bounds:IsValid=true, Min=(X=4750.000 Y=-850.000 Z=0.000), Max=(X=6250.000 Y=-750.000 Z=500.000) RuntimeGrid:None EditorOnly:0 RuntimeOnly:0 HLODRelevant:1 FolderPath:Main Walls FolderGuid:8BEBE9BF4B243B09523D50B67B741FE7
 |   |   |- [+] [ 44]
 |   |   |   |- Guid:F099EAED4BD139182D02ABA2390B48B3 BaseClass: NativeClass:/Script/Engine.StaticMeshActor Name:StaticMeshActor_UAID_107C61B295B0444302_2065774149 Label:SM_Cube22 SpatiallyLoaded:1 Bounds:IsValid=true, Min=(X=6150.000 Y=-2250.000 Z=0.000), Max=(X=6250.000 Y=-750.000 Z=500.000) RuntimeGrid:None EditorOnly:0 RuntimeOnly:0 HLODRelevant:1 FolderPath:Main Walls FolderGuid:8BEBE9BF4B243B09523D50B67B741FE7
 |   |   |- [+] [ 45]
 |   |   |   |- Guid:1C04ADEB4954C46BAEFA038D5B49FE34 BaseClass: NativeClass:/Script/Engine.StaticMeshActor Name:StaticMeshActor_UAID_107C61B295B0444302_2065773148 Label:SM_Cube21 SpatiallyLoaded:1 Bounds:IsValid=true, Min=(X=6150.000 Y=-6250.000 Z=0.000), Max=(X=6250.000 Y=-4750.000 Z=500.000) RuntimeGrid:None EditorOnly:0 RuntimeOnly:0 HLODRelevant:1 FolderPath:Main Walls FolderGuid:8BEBE9BF4B243B09523D50B67B741FE7
 |   |   |- [+] [ 46]
 |   |   |   |- Guid:6BAF4DDD444C60371492D3919DB42C97 BaseClass: NativeClass:/Script/Engine.WorldDataLayers Name:WorldDataLayers Label:WorldDataLayers SpatiallyLoaded:0 Bounds:IsValid=true, Min=(X=0.000 Y=0.000 Z=0.000), Max=(X=0.000 Y=0.000 Z=0.000) RuntimeGrid:None EditorOnly:0 RuntimeOnly:0 HLODRelevant:0
 |   |   |- [+] [ 47]
 |   |   |   |- Guid:C569124346C65613D51919ABE73D7227 BaseClass: NativeClass:/Script/Engine.StaticMeshActor Name:StaticMeshActor_UAID_107C61B295B0444302_2010609147 Label:SM_Cube20 SpatiallyLoaded:1 Bounds:IsValid=true, Min=(X=-6250.000 Y=-2250.000 Z=0.000), Max=(X=-6150.000 Y=-750.000 Z=500.000) RuntimeGrid:None EditorOnly:0 RuntimeOnly:0 HLODRelevant:1 FolderPath:Main Walls FolderGuid:8BEBE9BF4B243B09523D50B67B741FE7
 |   |   |- [+] [ 48]
 |   |   |   |- Guid:34BC030A40E09E7FB7257BBA3C818B15 BaseClass: NativeClass:/Script/Engine.StaticMeshActor Name:StaticMeshActor_UAID_107C61B295B0444302_2010607146 Label:SM_Cube19 SpatiallyLoaded:1 Bounds:IsValid=true, Min=(X=-6250.000 Y=-6250.000 Z=0.000), Max=(X=-6150.000 Y=-4750.000 Z=500.000) RuntimeGrid:None EditorOnly:0 RuntimeOnly:0 HLODRelevant:1 FolderPath:Main Walls FolderGuid:8BEBE9BF4B243B09523D50B67B741FE7
 |   |   |- [+] [ 49]
 |   |   |   |- Guid:D323BD5546B952B6939146B546EC3EC0 BaseClass: NativeClass:/Script/Engine.StaticMeshActor Name:StaticMeshActor_UAID_107C61B295B0444302_1975914145 Label:SM_Cube18 SpatiallyLoaded:1 Bounds:IsValid=true, Min=(X=-2250.000 Y=-6250.000 Z=0.000), Max=(X=-750.000 Y=-6150.000 Z=500.000) RuntimeGrid:None EditorOnly:0 RuntimeOnly:0 HLODRelevant:1 FolderPath:Main Walls FolderGuid:8BEBE9BF4B243B09523D50B67B741FE7
 |   |   |- [+] [ 50]
 |   |   |   |- Guid:4E59552D4AC0DC62266F8D920510745F BaseClass: NativeClass:/Script/Engine.StaticMeshActor Name:StaticMeshActor_UAID_107C61B295B0404302_1315736419 Label:SM_Cube13 SpatiallyLoaded:1 Bounds:IsValid=true, Min=(X=750.000 Y=-850.000 Z=0.000), Max=(X=2250.000 Y=-750.000 Z=500.000) RuntimeGrid:None EditorOnly:0 RuntimeOnly:0 HLODRelevant:1 FolderPath:Main Walls FolderGuid:8BEBE9BF4B243B09523D50B67B741FE7
 |   |   |- [+] [ 51]
 |   |   |   |- Guid:56F6A00042C7B56495CB3890F85180A9 BaseClass: NativeClass:/Script/NavigationSystem.NavMeshBoundsVolume Name:NavMeshBoundsVolume_UAID_107C61B295B0341C02_1121358215 Label:NavMeshBoundsVolume SpatiallyLoaded:0 Bounds:IsValid=true, Min=(X=-50000.000 Y=-50000.000 Z=-50000.000), Max=(X=50000.000 Y=50000.000 Z=50000.000) RuntimeGrid:None EditorOnly:0 RuntimeOnly:0 HLODRelevant:0 FolderPath:Volumes FolderGuid:2494046C4731A4395AE7A28C12E3E62C
 |   |   |- [+] [ 52]
 |   |   |   |- Guid:CC587E98492BDD02AB2559944F413314 BaseClass: NativeClass:/Script/Engine.StaticMeshActor Name:StaticMeshActor_UAID_107C61B295B0404302_1330211421 Label:SM_Cube15 SpatiallyLoaded:1 Bounds:IsValid=true, Min=(X=-2250.000 Y=-850.000 Z=0.000), Max=(X=-750.000 Y=-750.000 Z=500.000) RuntimeGrid:None EditorOnly:0 RuntimeOnly:0 HLODRelevant:1 FolderPath:Main Walls FolderGuid:8BEBE9BF4B243B09523D50B67B741FE7
 |   |   |- [+] [ 53]
 |   |   |   |- Guid:09D897894B3B9D09E0F4339F5C984EFD BaseClass: NativeClass:/Script/Engine.StaticMeshActor Name:StaticMeshActor_UAID_107C61B295B0404302_1330213422 Label:SM_Cube16 SpatiallyLoaded:1 Bounds:IsValid=true, Min=(X=-2250.000 Y=750.000 Z=0.000), Max=(X=-750.000 Y=850.000 Z=500.000) RuntimeGrid:None EditorOnly:0 RuntimeOnly:0 HLODRelevant:1 FolderPath:Main Walls FolderGuid:8BEBE9BF4B243B09523D50B67B741FE7
 |   |   |- [+] [ 54]
 |   |   |   |- Guid:CB481F5C43CA88062D8DDBB53E3762CC BaseClass: NativeClass:/Script/Engine.StaticMeshActor Name:StaticMeshActor_UAID_107C61B295B0404302_1339877431 Label:SM_Cube25 SpatiallyLoaded:1 Bounds:IsValid=true, Min=(X=750.000 Y=4750.000 Z=0.000), Max=(X=850.000 Y=6250.000 Z=500.000) RuntimeGrid:None EditorOnly:0 RuntimeOnly:0 HLODRelevant:1 FolderPath:Main Walls FolderGuid:8BEBE9BF4B243B09523D50B67B741FE7
 |   |   |- [+] [ 55]
 |   |   |   |- Guid:6E69686C4AF7B82BF64B719735CB1D0A BaseClass:/Game/UltraDynamicSky/Blueprints/Ultra_Dynamic_Sky.Ultra_Dynamic_Sky_C NativeClass:/Script/Engine.Actor Name:Ultra_Dynamic_Sky_C_UAID_A85E45A79B400A0F02_1722726095 Label:Ultra_Dynamic_Sky SpatiallyLoaded:0 Bounds:IsValid=true, Min=(X=-9369290602.598 Y=-9369288750.000 Z=-10538807737.791), Max=(X=9369286897.402 Y=9369286875.000 Z=9390707887.209) RuntimeGrid:None EditorOnly:0 RuntimeOnly:0 HLODRelevant:0 FolderPath:Lighting FolderGuid:963EC3EB4002CCE9759E2EBA541A873A
 |   |   |- [+] [ 56]
 |   |   |   |- Guid:A296A4764FCCB294433C25A90457EA7D BaseClass: NativeClass:/Script/Engine.StaticMeshActor Name:StaticMeshActor_UAID_107C61B295B0404302_1303890418 Label:SM_Cube12 SpatiallyLoaded:1 Bounds:IsValid=true, Min=(X=-6250.000 Y=750.000 Z=0.000), Max=(X=-4750.000 Y=850.000 Z=500.000) RuntimeGrid:None EditorOnly:0 RuntimeOnly:0 HLODRelevant:1 FolderPath:Main Walls FolderGuid:8BEBE9BF4B243B09523D50B67B741FE7
 |   |   |- [+] [ 57]
 |   |   |   |- Guid:0A3CE4DA496D08F2329EA9BBBEE8BAFE BaseClass: NativeClass:/Script/NavigationSystem.RecastNavMesh Name:RecastNavMesh_UAID_107C61B295B0341C02-Default Label:RecastNavMesh-Default SpatiallyLoaded:0 Bounds:IsValid=true, Min=(X=0.000 Y=0.000 Z=0.000), Max=(X=0.000 Y=0.000 Z=0.000) RuntimeGrid:None EditorOnly:0 RuntimeOnly:0 HLODRelevant:0
 |   |   |- [+] [ 58]
 |   |   |   |- Guid:EDCAAC39432D2F3072E2BF96D9871950 BaseClass: NativeClass:/Script/Engine.StaticMeshActor Name:StaticMeshActor_UAID_107C61B295B0404302_1339877432 Label:SM_Cube26 SpatiallyLoaded:1 Bounds:IsValid=true, Min=(X=-850.000 Y=4750.000 Z=0.000), Max=(X=-750.000 Y=6250.000 Z=500.000) RuntimeGrid:None EditorOnly:0 RuntimeOnly:0 HLODRelevant:1 FolderPath:Main Walls FolderGuid:8BEBE9BF4B243B09523D50B67B741FE7
 |   |   |- [+] [ 59]
 |   |   |   |- Guid:8059609E4E010D6B81C6BE973496EE8C BaseClass: NativeClass:/Script/Engine.StaticMeshActor Name:StaticMeshActor_UAID_107C61B295B0404302_1339879433 Label:SM_Cube27 SpatiallyLoaded:1 Bounds:IsValid=true, Min=(X=750.000 Y=-6250.000 Z=0.000), Max=(X=850.000 Y=-4750.000 Z=500.000) RuntimeGrid:None EditorOnly:0 RuntimeOnly:0 HLODRelevant:1 FolderPath:Main Walls FolderGuid:8BEBE9BF4B243B09523D50B67B741FE7
 |   |   |- [+] [ 60]
 |   |   |   |- Guid:C121F7C347EF44B2D3B2F0AC7CDE13CB BaseClass: NativeClass:/Script/Engine.StaticMeshActor Name:StaticMeshActor_UAID_107C61B295B0404302_1339879434 Label:SM_Cube28 SpatiallyLoaded:1 Bounds:IsValid=true, Min=(X=-850.000 Y=-6250.000 Z=0.000), Max=(X=-750.000 Y=-4750.000 Z=500.000) RuntimeGrid:None EditorOnly:0 RuntimeOnly:0 HLODRelevant:1 FolderPath:Main Walls FolderGuid:8BEBE9BF4B243B09523D50B67B741FE7
 |   |   |- [+] [ 61]
 |   |   |   |- Guid:C6A9D8AB4D1626D1305CEAA933D00C97 BaseClass: NativeClass:/Script/Engine.StaticMeshActor Name:StaticMeshActor_UAID_107C61B295B0404302_1339880435 Label:SM_Cube29 SpatiallyLoaded:1 Bounds:IsValid=true, Min=(X=750.000 Y=750.000 Z=0.000), Max=(X=850.000 Y=2250.000 Z=500.000) RuntimeGrid:None EditorOnly:0 RuntimeOnly:0 HLODRelevant:1 FolderPath:Main Walls FolderGuid:8BEBE9BF4B243B09523D50B67B741FE7
 |   |   |- [+] [ 62]
 |   |   |   |- Guid:CE1F9F7C41C71B76B8233F8348F3F2F3 BaseClass: NativeClass:/Script/Engine.StaticMeshActor Name:StaticMeshActor_UAID_107C61B295B0404302_1339880436 Label:SM_Cube30 SpatiallyLoaded:1 Bounds:IsValid=true, Min=(X=-850.000 Y=750.000 Z=0.000), Max=(X=-750.000 Y=2250.000 Z=500.000) RuntimeGrid:None EditorOnly:0 RuntimeOnly:0 HLODRelevant:1 FolderPath:Main Walls FolderGuid:8BEBE9BF4B243B09523D50B67B741FE7
 |   |   |- [+] [ 63]
 |   |   |   |- Guid:5A5B06DB40F9DEF126C44EA9BD681104 BaseClass: NativeClass:/Script/Engine.StaticMeshActor Name:StaticMeshActor_UAID_107C61B295B0404302_1339880437 Label:SM_Cube31 SpatiallyLoaded:1 Bounds:IsValid=true, Min=(X=750.000 Y=-2250.000 Z=0.000), Max=(X=850.000 Y=-750.000 Z=500.000) RuntimeGrid:None EditorOnly:0 RuntimeOnly:0 HLODRelevant:1 FolderPath:Main Walls FolderGuid:8BEBE9BF4B243B09523D50B67B741FE7
 |   |   |- [+] [ 64]
 |   |   |   |- Guid:AC87A3D24A9F608FEE442AA977A05FDE BaseClass: NativeClass:/Script/Engine.StaticMeshActor Name:StaticMeshActor_UAID_107C61B295B0404302_1339881438 Label:SM_Cube32 SpatiallyLoaded:1 Bounds:IsValid=true, Min=(X=-850.000 Y=-2250.000 Z=0.000), Max=(X=-750.000 Y=-750.000 Z=500.000) RuntimeGrid:None EditorOnly:0 RuntimeOnly:0 HLODRelevant:1 FolderPath:Main Walls FolderGuid:8BEBE9BF4B243B09523D50B67B741FE7
 |   |   |- [+] [ 65]
 |   |   |   |- Guid:DFAB3EC44A413923E64F499543FA20B9 BaseClass: NativeClass:/Script/Engine.StaticMeshActor Name:StaticMeshActor_UAID_107C61B295B0354302_1153219580 Label:Floor SpatiallyLoaded:1 Bounds:IsValid=true, Min=(X=-6250.000 Y=-6250.000 Z=-12.500), Max=(X=6250.000 Y=6250.000 Z=12.500) RuntimeGrid:None EditorOnly:0 RuntimeOnly:0 HLODRelevant:1 FolderGuid:F22D77DE4BF4FF7187A46EBC2BEFA2D9
 |   |   |- [+] [ 66]
 |   |   |   |- Guid:1B5563874334752445FD34AE6AA53AA6 BaseClass: NativeClass:/Script/Engine.StaticMeshActor Name:StaticMeshActor_UAID_107C61B295B0454302_1445864362 Label:SM_ChamferCube2 SpatiallyLoaded:1 Bounds:IsValid=true, Min=(X=1471.004 Y=-4732.266 Z=104.735), Max=(X=1671.004 Y=-4532.266 Z=304.735) RuntimeGrid:None EditorOnly:0 RuntimeOnly:0 HLODRelevant:0
 |   |   |- [+] [ 67]
 |   |   |   |- Guid:78A4A6AB4F7ECAB7F6E21F98B6CA8407 BaseClass: NativeClass:/Script/Engine.StaticMeshActor Name:StaticMeshActor_UAID_107C61B295B0454302_1449480363 Label:SM_ChamferCube3 SpatiallyLoaded:1 Bounds:IsValid=true, Min=(X=1952.622 Y=-4766.792 Z=104.735), Max=(X=2152.622 Y=-4566.792 Z=304.735) RuntimeGrid:None EditorOnly:0 RuntimeOnly:0 HLODRelevant:0
 |   |   |- [+] [ 68]
 |   |   |   |- Guid:41592E24456EB5ECF55774BA6BA548AE BaseClass: NativeClass:/Script/Engine.StaticMeshActor Name:StaticMeshActor_UAID_107C61B295B0454302_1452032364 Label:SM_ChamferCube4 SpatiallyLoaded:1 Bounds:IsValid=true, Min=(X=1952.622 Y=-2139.043 Z=104.735), Max=(X=2152.622 Y=-1939.043 Z=304.735) RuntimeGrid:None EditorOnly:0 RuntimeOnly:0 HLODRelevant:0
 |   |   |- [+] [ 69]
 |   |   |   |- Guid:B8ABD40C495B4FD7C3A66FBD6A8E1B28 BaseClass: NativeClass:/Script/Engine.StaticMeshActor Name:StaticMeshActor_UAID_107C61B295B0454302_1453180365 Label:SM_ChamferCube5 SpatiallyLoaded:1 Bounds:IsValid=true, Min=(X=1021.663 Y=-2139.043 Z=104.735), Max=(X=1221.663 Y=-1939.043 Z=304.735) RuntimeGrid:None EditorOnly:0 RuntimeOnly:0 HLODRelevant:0
 |   |   |- [+] [ 70]
 |   |   |   |- Guid:F825190247D7C8D943B86C92CE91C523 BaseClass: NativeClass:/Script/Engine.StaticMeshActor Name:StaticMeshActor_UAID_107C61B295B0454302_1454739366 Label:SM_ChamferCube6 SpatiallyLoaded:1 Bounds:IsValid=true, Min=(X=5870.331 Y=-1641.716 Z=104.735), Max=(X=6070.331 Y=-1441.716 Z=304.735) RuntimeGrid:None EditorOnly:0 RuntimeOnly:0 HLODRelevant:0
 |   |   |- [+] [ 71]
 |   |   |   |- Guid:1C58898B431A9A7B399FEE90FBA46EEC BaseClass: NativeClass:/Script/Engine.StaticMeshActor Name:StaticMeshActor_UAID_107C61B295B0454302_1457348367 Label:SM_ChamferCube7 SpatiallyLoaded:1 Bounds:IsValid=true, Min=(X=5870.331 Y=-6216.840 Z=104.735), Max=(X=6070.331 Y=-6016.840 Z=304.735) RuntimeGrid:None EditorOnly:0 RuntimeOnly:0 HLODRelevant:0
 |   |   |- [+] [ 72]
 |   |   |   |- Guid:3FBF21C24E0040F82A3D61A1B6BBC41C BaseClass: NativeClass:/Script/Engine.StaticMeshActor Name:StaticMeshActor_UAID_107C61B295B0454302_1458699368 Label:SM_ChamferCube8 SpatiallyLoaded:1 Bounds:IsValid=true, Min=(X=2412.598 Y=-6216.840 Z=104.735), Max=(X=2612.598 Y=-6016.840 Z=304.735) RuntimeGrid:None EditorOnly:0 RuntimeOnly:0 HLODRelevant:0
 |- ContainerInstances:
 |- [+] MainContainer:
 |   |-        ID: 0x0000000000000000
 |   |-    Bounds: IsValid=false, Min=(X=0.000 Y=0.000 Z=0.000), Max=(X=0.000 Y=0.000 Z=0.000)
 |   |- Transform: 0.000000,0.000000,0.000000|0.000000,0.000000,-0.000000|1.000000,1.000000,1.000000
 |   |- Container: /Game/Maps_And_Modes/Maps/ThirdPersonMap
----------------------------------------------------------------------------------------------------------------
ThirdPersonMap - Persistent Level
----------------------------------------------------------------------------------------------------------------
Always loaded Actor Count: 87 

----------------------------------------------------------------------------------------------------------------
ThirdPersonMap - Runtime Spatial Hash - Streaming Grid - MainGrid
----------------------------------------------------------------------------------------------------------------
            Origin: X=0.000 Y=0.000 Z=0.000
         Cell Size: 12800
      World Bounds: IsValid=false, Min=(X=0.000 Y=0.000 Z=0.000), Max=(X=0.000 Y=0.000 Z=0.000)
     Loading Range: 25600.00
Block Slow Loading: No
 ClientOnlyVisible: No

[+] Grid Levels: 1
 |- Level  0: Cell Count    0 | Cell Size   12800 | Actor Count    0 (0.0%)

[+] Content of Grid Level 0

