[+] Containers:
 |- [+] Container: /Game/Maps_And_Modes/Maps/ThirdPersonMap
 |   |- [+] ActorDescs:
 |   |   |- Guid:0542441A4E111727FDE76CB81BD88FCB BaseClass: NativeClass:/Script/Engine.StaticMeshActor Name:StaticMeshActor_UAID_107C61B295B0404302_1264438416 Label:SM_Cube10 SpatiallyLoaded:1 Bounds:IsValid=true, Min=(X=6000.000 Y=450.000 Z=0.000), Max=(X=9000.000 Y=550.000 Z=500.000) RuntimeGrid:None EditorOnly:0 RuntimeOnly:0 HLODRelevant:1
 |   |   |- Guid:08E2D1DB4B78A74B59B0089C0D5BCF83 BaseClass: NativeClass:/Script/Engine.TargetPoint Name:TargetPoint_UAID_107C61B295B0354302_2110439599 Label:Inventory Area Point SpatiallyLoaded:1 Bounds:IsValid=true, Min=(X=281.043 Y=2026.465 Z=1158.562), Max=(X=281.043 Y=2026.465 Z=1158.562) RuntimeGrid:None EditorOnly:0 RuntimeOnly:0 HLODRelevant:0 Parent:4A6EB1E849DBBF864E6CA085FDDF88B9
 |   |   |- Guid:09D897894B3B9D09E0F4339F5C984EFD BaseClass: NativeClass:/Script/Engine.StaticMeshActor Name:StaticMeshActor_UAID_107C61B295B0404302_1330213422 Label:SM_Cube16 SpatiallyLoaded:1 Bounds:IsValid=true, Min=(X=-4000.000 Y=450.000 Z=0.000), Max=(X=-1000.000 Y=550.000 Z=500.000) RuntimeGrid:None EditorOnly:0 RuntimeOnly:0 HLODRelevant:1
 |   |   |- Guid:0A3CE4DA496D08F2329EA9BBBEE8BAFE BaseClass: NativeClass:/Script/NavigationSystem.RecastNavMesh Name:RecastNavMesh_UAID_107C61B295B0341C02-Default Label:RecastNavMesh-Default SpatiallyLoaded:0 Bounds:IsValid=true, Min=(X=0.000 Y=0.000 Z=0.000), Max=(X=0.000 Y=0.000 Z=0.000) RuntimeGrid:None EditorOnly:0 RuntimeOnly:0 HLODRelevant:0
 |   |   |- Guid:1546477949BB803065CA26B810A5808F BaseClass: NativeClass:/Script/Engine.StaticMeshActor Name:StaticMeshActor_UAID_107C61B295B0404302_1264437415 Label:SM_Cube9 SpatiallyLoaded:1 Bounds:IsValid=true, Min=(X=6000.000 Y=-550.000 Z=0.000), Max=(X=9000.000 Y=-450.000 Z=500.000) RuntimeGrid:None EditorOnly:0 RuntimeOnly:0 HLODRelevant:1
 |   |   |- Guid:224633A54EB060BB0FB2339AB1465D0A BaseClass:/Game/UltraDynamicSky/Blueprints/Ultra_Dynamic_Weather.Ultra_Dynamic_Weather_C NativeClass:/Script/Engine.Actor Name:Ultra_Dynamic_Weather_C_UAID_A85E45A79B400A0F02_1730026096 Label:Ultra_Dynamic_Weather SpatiallyLoaded:0 Bounds:IsValid=true, Min=(X=-5000000000.000 Y=-5000000000.000 Z=-5000000100.000), Max=(X=5000000000.000 Y=5000000000.000 Z=4999999900.000) RuntimeGrid:None EditorOnly:0 RuntimeOnly:0 HLODRelevant:0 FolderPath:Lighting FolderGuid:963EC3EB4002CCE9759E2EBA541A873A
 |   |   |- Guid:4A6EB1E849DBBF864E6CA085FDDF88B9 BaseClass: NativeClass:/Script/Engine.StaticMeshActor Name:StaticMeshActor_UAID_107C61B295B0354302_2096738598 Label:Inventory Area SpatiallyLoaded:1 Bounds:IsValid=true, Min=(X=81.043 Y=1776.465 Z=1008.562), Max=(X=481.043 Y=2276.465 Z=1108.562) RuntimeGrid:None EditorOnly:0 RuntimeOnly:0 HLODRelevant:1
 |   |   |- Guid:4E59552D4AC0DC62266F8D920510745F BaseClass: NativeClass:/Script/Engine.StaticMeshActor Name:StaticMeshActor_UAID_107C61B295B0404302_1315736419 Label:SM_Cube13 SpatiallyLoaded:1 Bounds:IsValid=true, Min=(X=1000.000 Y=-550.000 Z=0.000), Max=(X=4000.000 Y=-450.000 Z=500.000) RuntimeGrid:None EditorOnly:0 RuntimeOnly:0 HLODRelevant:1
 |   |   |- Guid:56F6A00042C7B56495CB3890F85180A9 BaseClass: NativeClass:/Script/NavigationSystem.NavMeshBoundsVolume Name:NavMeshBoundsVolume_UAID_107C61B295B0341C02_1121358215 Label:NavMeshBoundsVolume SpatiallyLoaded:0 Bounds:IsValid=true, Min=(X=-50000.000 Y=-50000.000 Z=-50000.000), Max=(X=50000.000 Y=50000.000 Z=50000.000) RuntimeGrid:None EditorOnly:0 RuntimeOnly:0 HLODRelevant:0 FolderPath:Volumes FolderGuid:2494046C4731A4395AE7A28C12E3E62C
 |   |   |- Guid:5A5B06DB40F9DEF126C44EA9BD681104 BaseClass: NativeClass:/Script/Engine.StaticMeshActor Name:StaticMeshActor_UAID_107C61B295B0404302_1339880437 Label:SM_Cube31 SpatiallyLoaded:1 Bounds:IsValid=true, Min=(X=750.000 Y=-4000.000 Z=0.000), Max=(X=850.000 Y=-1000.000 Z=500.000) RuntimeGrid:None EditorOnly:0 RuntimeOnly:0 HLODRelevant:1
 |   |   |- Guid:6BAF4DDD444C60371492D3919DB42C97 BaseClass: NativeClass:/Script/Engine.WorldDataLayers Name:WorldDataLayers Label:WorldDataLayers SpatiallyLoaded:0 Bounds:IsValid=true, Min=(X=0.000 Y=0.000 Z=0.000), Max=(X=0.000 Y=0.000 Z=0.000) RuntimeGrid:None EditorOnly:0 RuntimeOnly:0 HLODRelevant:0
 |   |   |- Guid:6E69686C4AF7B82BF64B719735CB1D0A BaseClass:/Game/UltraDynamicSky/Blueprints/Ultra_Dynamic_Sky.Ultra_Dynamic_Sky_C NativeClass:/Script/Engine.Actor Name:Ultra_Dynamic_Sky_C_UAID_A85E45A79B400A0F02_1722726095 Label:Ultra_Dynamic_Sky SpatiallyLoaded:0 Bounds:IsValid=true, Min=(X=-9369290602.598 Y=-9369288750.000 Z=-10538807737.791), Max=(X=9369286897.402 Y=9369286875.000 Z=9390707887.209) RuntimeGrid:None EditorOnly:0 RuntimeOnly:0 HLODRelevant:0 FolderPath:Lighting FolderGuid:963EC3EB4002CCE9759E2EBA541A873A
 |   |   |- Guid:8059609E4E010D6B81C6BE973496EE8C BaseClass: NativeClass:/Script/Engine.StaticMeshActor Name:StaticMeshActor_UAID_107C61B295B0404302_1339879433 Label:SM_Cube27 SpatiallyLoaded:1 Bounds:IsValid=true, Min=(X=750.000 Y=-9000.000 Z=0.000), Max=(X=850.000 Y=-6000.000 Z=500.000) RuntimeGrid:None EditorOnly:0 RuntimeOnly:0 HLODRelevant:1
 |   |   |- Guid:93C2D5244F368D67DA03F78F435A0106 BaseClass: NativeClass:/Script/Engine.StaticMeshActor Name:StaticMeshActor_UAID_107C61B295B0404302_1315738420 Label:SM_Cube14 SpatiallyLoaded:1 Bounds:IsValid=true, Min=(X=1000.000 Y=450.000 Z=0.000), Max=(X=4000.000 Y=550.000 Z=500.000) RuntimeGrid:None EditorOnly:0 RuntimeOnly:0 HLODRelevant:1
 |   |   |- Guid:A028ADDD433894B7BF66A0A44B18BDE5 BaseClass: NativeClass:/Script/Engine.StaticMeshActor Name:StaticMeshActor_UAID_107C61B295B0404302_1303889417 Label:SM_Cube11 SpatiallyLoaded:1 Bounds:IsValid=true, Min=(X=-9000.000 Y=-550.000 Z=0.000), Max=(X=-6000.000 Y=-450.000 Z=500.000) RuntimeGrid:None EditorOnly:0 RuntimeOnly:0 HLODRelevant:1
 |   |   |- Guid:A296A4764FCCB294433C25A90457EA7D BaseClass: NativeClass:/Script/Engine.StaticMeshActor Name:StaticMeshActor_UAID_107C61B295B0404302_1303890418 Label:SM_Cube12 SpatiallyLoaded:1 Bounds:IsValid=true, Min=(X=-9000.000 Y=450.000 Z=0.000), Max=(X=-6000.000 Y=550.000 Z=500.000) RuntimeGrid:None EditorOnly:0 RuntimeOnly:0 HLODRelevant:1
 |   |   |- Guid:A8CC75A8496580363E62509132400309 BaseClass: NativeClass:/Script/Engine.PostProcessVolume Name:PostProcessVolume_UAID_107C61B295B0954202_2044848418 Label:PostProcessVolume2 SpatiallyLoaded:0 Bounds:IsValid=true, Min=(X=-100.000 Y=-100.000 Z=-100.000), Max=(X=100.000 Y=100.000 Z=100.000) RuntimeGrid:None EditorOnly:0 RuntimeOnly:0 HLODRelevant:0 FolderPath:Volumes FolderGuid:2494046C4731A4395AE7A28C12E3E62C
 |   |   |- Guid:AC87A3D24A9F608FEE442AA977A05FDE BaseClass: NativeClass:/Script/Engine.StaticMeshActor Name:StaticMeshActor_UAID_107C61B295B0404302_1339881438 Label:SM_Cube32 SpatiallyLoaded:1 Bounds:IsValid=true, Min=(X=-850.000 Y=-4000.000 Z=0.000), Max=(X=-750.000 Y=-1000.000 Z=500.000) RuntimeGrid:None EditorOnly:0 RuntimeOnly:0 HLODRelevant:1
 |   |   |- Guid:C121F7C347EF44B2D3B2F0AC7CDE13CB BaseClass: NativeClass:/Script/Engine.StaticMeshActor Name:StaticMeshActor_UAID_107C61B295B0404302_1339879434 Label:SM_Cube28 SpatiallyLoaded:1 Bounds:IsValid=true, Min=(X=-850.000 Y=-9000.000 Z=0.000), Max=(X=-750.000 Y=-6000.000 Z=500.000) RuntimeGrid:None EditorOnly:0 RuntimeOnly:0 HLODRelevant:1
 |   |   |- Guid:C6A9D8AB4D1626D1305CEAA933D00C97 BaseClass: NativeClass:/Script/Engine.StaticMeshActor Name:StaticMeshActor_UAID_107C61B295B0404302_1339880435 Label:SM_Cube29 SpatiallyLoaded:1 Bounds:IsValid=true, Min=(X=750.000 Y=1000.000 Z=0.000), Max=(X=850.000 Y=4000.000 Z=500.000) RuntimeGrid:None EditorOnly:0 RuntimeOnly:0 HLODRelevant:1
 |   |   |- Guid:CB481F5C43CA88062D8DDBB53E3762CC BaseClass: NativeClass:/Script/Engine.StaticMeshActor Name:StaticMeshActor_UAID_107C61B295B0404302_1339877431 Label:SM_Cube25 SpatiallyLoaded:1 Bounds:IsValid=true, Min=(X=750.000 Y=6000.000 Z=0.000), Max=(X=850.000 Y=9000.000 Z=500.000) RuntimeGrid:None EditorOnly:0 RuntimeOnly:0 HLODRelevant:1
 |   |   |- Guid:CC587E98492BDD02AB2559944F413314 BaseClass: NativeClass:/Script/Engine.StaticMeshActor Name:StaticMeshActor_UAID_107C61B295B0404302_1330211421 Label:SM_Cube15 SpatiallyLoaded:1 Bounds:IsValid=true, Min=(X=-4000.000 Y=-550.000 Z=0.000), Max=(X=-1000.000 Y=-450.000 Z=500.000) RuntimeGrid:None EditorOnly:0 RuntimeOnly:0 HLODRelevant:1
 |   |   |- Guid:CE1F9F7C41C71B76B8233F8348F3F2F3 BaseClass: NativeClass:/Script/Engine.StaticMeshActor Name:StaticMeshActor_UAID_107C61B295B0404302_1339880436 Label:SM_Cube30 SpatiallyLoaded:1 Bounds:IsValid=true, Min=(X=-850.000 Y=1000.000 Z=0.000), Max=(X=-750.000 Y=4000.000 Z=500.000) RuntimeGrid:None EditorOnly:0 RuntimeOnly:0 HLODRelevant:1
 |   |   |- Guid:DFAB3EC44A413923E64F499543FA20B9 BaseClass: NativeClass:/Script/Engine.StaticMeshActor Name:StaticMeshActor_UAID_107C61B295B0354302_1153219580 Label:Floor SpatiallyLoaded:1 Bounds:IsValid=true, Min=(X=-12500.000 Y=-12500.000 Z=-12.500), Max=(X=12500.000 Y=12500.000 Z=12.500) RuntimeGrid:None EditorOnly:0 RuntimeOnly:0 HLODRelevant:1 FolderGuid:F22D77DE4BF4FF7187A46EBC2BEFA2D9
 |   |   |- Guid:EDCAAC39432D2F3072E2BF96D9871950 BaseClass: NativeClass:/Script/Engine.StaticMeshActor Name:StaticMeshActor_UAID_107C61B295B0404302_1339877432 Label:SM_Cube26 SpatiallyLoaded:1 Bounds:IsValid=true, Min=(X=-850.000 Y=6000.000 Z=0.000), Max=(X=-750.000 Y=9000.000 Z=500.000) RuntimeGrid:None EditorOnly:0 RuntimeOnly:0 HLODRelevant:1
 |   |   |- Guid:F85D77034C0DCBB81DE1318CB4A5C40A BaseClass:/Game/Characters/Player/BP_Player.BP_Player_C NativeClass:/Script/Engine.Character Name:BP_Player_C_UAID_107C61B295B0364302_1918852491 Label:BP_Player SpatiallyLoaded:1 Bounds:IsValid=true, Min=(X=-199.806 Y=-73.958 Z=12.500), Max=(X=172.035 Y=1.762 Z=192.500) RuntimeGrid:None EditorOnly:0 RuntimeOnly:0 HLODRelevant:0
 |   |- [+] Clusters:
 |   |   |- [+] [  0]
 |   |   |   |- Guid:08E2D1DB4B78A74B59B0089C0D5BCF83 BaseClass: NativeClass:/Script/Engine.TargetPoint Name:TargetPoint_UAID_107C61B295B0354302_2110439599 Label:Inventory Area Point SpatiallyLoaded:1 Bounds:IsValid=true, Min=(X=281.043 Y=2026.465 Z=1158.562), Max=(X=281.043 Y=2026.465 Z=1158.562) RuntimeGrid:None EditorOnly:0 RuntimeOnly:0 HLODRelevant:0 Parent:4A6EB1E849DBBF864E6CA085FDDF88B9
 |   |   |   |- Guid:4A6EB1E849DBBF864E6CA085FDDF88B9 BaseClass: NativeClass:/Script/Engine.StaticMeshActor Name:StaticMeshActor_UAID_107C61B295B0354302_2096738598 Label:Inventory Area SpatiallyLoaded:1 Bounds:IsValid=true, Min=(X=81.043 Y=1776.465 Z=1008.562), Max=(X=481.043 Y=2276.465 Z=1108.562) RuntimeGrid:None EditorOnly:0 RuntimeOnly:0 HLODRelevant:1
 |   |   |- [+] [  1]
 |   |   |   |- Guid:A8CC75A8496580363E62509132400309 BaseClass: NativeClass:/Script/Engine.PostProcessVolume Name:PostProcessVolume_UAID_107C61B295B0954202_2044848418 Label:PostProcessVolume2 SpatiallyLoaded:0 Bounds:IsValid=true, Min=(X=-100.000 Y=-100.000 Z=-100.000), Max=(X=100.000 Y=100.000 Z=100.000) RuntimeGrid:None EditorOnly:0 RuntimeOnly:0 HLODRelevant:0 FolderPath:Volumes FolderGuid:2494046C4731A4395AE7A28C12E3E62C
 |   |   |- [+] [  2]
 |   |   |   |- Guid:F85D77034C0DCBB81DE1318CB4A5C40A BaseClass:/Game/Characters/Player/BP_Player.BP_Player_C NativeClass:/Script/Engine.Character Name:BP_Player_C_UAID_107C61B295B0364302_1918852491 Label:BP_Player SpatiallyLoaded:1 Bounds:IsValid=true, Min=(X=-199.806 Y=-73.958 Z=12.500), Max=(X=172.035 Y=1.762 Z=192.500) RuntimeGrid:None EditorOnly:0 RuntimeOnly:0 HLODRelevant:0
 |   |   |- [+] [  3]
 |   |   |   |- Guid:224633A54EB060BB0FB2339AB1465D0A BaseClass:/Game/UltraDynamicSky/Blueprints/Ultra_Dynamic_Weather.Ultra_Dynamic_Weather_C NativeClass:/Script/Engine.Actor Name:Ultra_Dynamic_Weather_C_UAID_A85E45A79B400A0F02_1730026096 Label:Ultra_Dynamic_Weather SpatiallyLoaded:0 Bounds:IsValid=true, Min=(X=-5000000000.000 Y=-5000000000.000 Z=-5000000100.000), Max=(X=5000000000.000 Y=5000000000.000 Z=4999999900.000) RuntimeGrid:None EditorOnly:0 RuntimeOnly:0 HLODRelevant:0 FolderPath:Lighting FolderGuid:963EC3EB4002CCE9759E2EBA541A873A
 |   |   |- [+] [  4]
 |   |   |   |- Guid:6BAF4DDD444C60371492D3919DB42C97 BaseClass: NativeClass:/Script/Engine.WorldDataLayers Name:WorldDataLayers Label:WorldDataLayers SpatiallyLoaded:0 Bounds:IsValid=true, Min=(X=0.000 Y=0.000 Z=0.000), Max=(X=0.000 Y=0.000 Z=0.000) RuntimeGrid:None EditorOnly:0 RuntimeOnly:0 HLODRelevant:0
 |   |   |- [+] [  5]
 |   |   |   |- Guid:56F6A00042C7B56495CB3890F85180A9 BaseClass: NativeClass:/Script/NavigationSystem.NavMeshBoundsVolume Name:NavMeshBoundsVolume_UAID_107C61B295B0341C02_1121358215 Label:NavMeshBoundsVolume SpatiallyLoaded:0 Bounds:IsValid=true, Min=(X=-50000.000 Y=-50000.000 Z=-50000.000), Max=(X=50000.000 Y=50000.000 Z=50000.000) RuntimeGrid:None EditorOnly:0 RuntimeOnly:0 HLODRelevant:0 FolderPath:Volumes FolderGuid:2494046C4731A4395AE7A28C12E3E62C
 |   |   |- [+] [  6]
 |   |   |   |- Guid:6E69686C4AF7B82BF64B719735CB1D0A BaseClass:/Game/UltraDynamicSky/Blueprints/Ultra_Dynamic_Sky.Ultra_Dynamic_Sky_C NativeClass:/Script/Engine.Actor Name:Ultra_Dynamic_Sky_C_UAID_A85E45A79B400A0F02_1722726095 Label:Ultra_Dynamic_Sky SpatiallyLoaded:0 Bounds:IsValid=true, Min=(X=-9369290602.598 Y=-9369288750.000 Z=-10538807737.791), Max=(X=9369286897.402 Y=9369286875.000 Z=9390707887.209) RuntimeGrid:None EditorOnly:0 RuntimeOnly:0 HLODRelevant:0 FolderPath:Lighting FolderGuid:963EC3EB4002CCE9759E2EBA541A873A
 |   |   |- [+] [  7]
 |   |   |   |- Guid:0A3CE4DA496D08F2329EA9BBBEE8BAFE BaseClass: NativeClass:/Script/NavigationSystem.RecastNavMesh Name:RecastNavMesh_UAID_107C61B295B0341C02-Default Label:RecastNavMesh-Default SpatiallyLoaded:0 Bounds:IsValid=true, Min=(X=0.000 Y=0.000 Z=0.000), Max=(X=0.000 Y=0.000 Z=0.000) RuntimeGrid:None EditorOnly:0 RuntimeOnly:0 HLODRelevant:0
 |   |   |- [+] [  8]
 |   |   |   |- Guid:DFAB3EC44A413923E64F499543FA20B9 BaseClass: NativeClass:/Script/Engine.StaticMeshActor Name:StaticMeshActor_UAID_107C61B295B0354302_1153219580 Label:Floor SpatiallyLoaded:1 Bounds:IsValid=true, Min=(X=-12500.000 Y=-12500.000 Z=-12.500), Max=(X=12500.000 Y=12500.000 Z=12.500) RuntimeGrid:None EditorOnly:0 RuntimeOnly:0 HLODRelevant:1 FolderGuid:F22D77DE4BF4FF7187A46EBC2BEFA2D9
 |   |   |- [+] [  9]
 |   |   |   |- Guid:1546477949BB803065CA26B810A5808F BaseClass: NativeClass:/Script/Engine.StaticMeshActor Name:StaticMeshActor_UAID_107C61B295B0404302_1264437415 Label:SM_Cube9 SpatiallyLoaded:1 Bounds:IsValid=true, Min=(X=6000.000 Y=-550.000 Z=0.000), Max=(X=9000.000 Y=-450.000 Z=500.000) RuntimeGrid:None EditorOnly:0 RuntimeOnly:0 HLODRelevant:1
 |   |   |- [+] [ 10]
 |   |   |   |- Guid:0542441A4E111727FDE76CB81BD88FCB BaseClass: NativeClass:/Script/Engine.StaticMeshActor Name:StaticMeshActor_UAID_107C61B295B0404302_1264438416 Label:SM_Cube10 SpatiallyLoaded:1 Bounds:IsValid=true, Min=(X=6000.000 Y=450.000 Z=0.000), Max=(X=9000.000 Y=550.000 Z=500.000) RuntimeGrid:None EditorOnly:0 RuntimeOnly:0 HLODRelevant:1
 |   |   |- [+] [ 11]
 |   |   |   |- Guid:A028ADDD433894B7BF66A0A44B18BDE5 BaseClass: NativeClass:/Script/Engine.StaticMeshActor Name:StaticMeshActor_UAID_107C61B295B0404302_1303889417 Label:SM_Cube11 SpatiallyLoaded:1 Bounds:IsValid=true, Min=(X=-9000.000 Y=-550.000 Z=0.000), Max=(X=-6000.000 Y=-450.000 Z=500.000) RuntimeGrid:None EditorOnly:0 RuntimeOnly:0 HLODRelevant:1
 |   |   |- [+] [ 12]
 |   |   |   |- Guid:A296A4764FCCB294433C25A90457EA7D BaseClass: NativeClass:/Script/Engine.StaticMeshActor Name:StaticMeshActor_UAID_107C61B295B0404302_1303890418 Label:SM_Cube12 SpatiallyLoaded:1 Bounds:IsValid=true, Min=(X=-9000.000 Y=450.000 Z=0.000), Max=(X=-6000.000 Y=550.000 Z=500.000) RuntimeGrid:None EditorOnly:0 RuntimeOnly:0 HLODRelevant:1
 |   |   |- [+] [ 13]
 |   |   |   |- Guid:4E59552D4AC0DC62266F8D920510745F BaseClass: NativeClass:/Script/Engine.StaticMeshActor Name:StaticMeshActor_UAID_107C61B295B0404302_1315736419 Label:SM_Cube13 SpatiallyLoaded:1 Bounds:IsValid=true, Min=(X=1000.000 Y=-550.000 Z=0.000), Max=(X=4000.000 Y=-450.000 Z=500.000) RuntimeGrid:None EditorOnly:0 RuntimeOnly:0 HLODRelevant:1
 |   |   |- [+] [ 14]
 |   |   |   |- Guid:93C2D5244F368D67DA03F78F435A0106 BaseClass: NativeClass:/Script/Engine.StaticMeshActor Name:StaticMeshActor_UAID_107C61B295B0404302_1315738420 Label:SM_Cube14 SpatiallyLoaded:1 Bounds:IsValid=true, Min=(X=1000.000 Y=450.000 Z=0.000), Max=(X=4000.000 Y=550.000 Z=500.000) RuntimeGrid:None EditorOnly:0 RuntimeOnly:0 HLODRelevant:1
 |   |   |- [+] [ 15]
 |   |   |   |- Guid:CC587E98492BDD02AB2559944F413314 BaseClass: NativeClass:/Script/Engine.StaticMeshActor Name:StaticMeshActor_UAID_107C61B295B0404302_1330211421 Label:SM_Cube15 SpatiallyLoaded:1 Bounds:IsValid=true, Min=(X=-4000.000 Y=-550.000 Z=0.000), Max=(X=-1000.000 Y=-450.000 Z=500.000) RuntimeGrid:None EditorOnly:0 RuntimeOnly:0 HLODRelevant:1
 |   |   |- [+] [ 16]
 |   |   |   |- Guid:09D897894B3B9D09E0F4339F5C984EFD BaseClass: NativeClass:/Script/Engine.StaticMeshActor Name:StaticMeshActor_UAID_107C61B295B0404302_1330213422 Label:SM_Cube16 SpatiallyLoaded:1 Bounds:IsValid=true, Min=(X=-4000.000 Y=450.000 Z=0.000), Max=(X=-1000.000 Y=550.000 Z=500.000) RuntimeGrid:None EditorOnly:0 RuntimeOnly:0 HLODRelevant:1
 |   |   |- [+] [ 17]
 |   |   |   |- Guid:CB481F5C43CA88062D8DDBB53E3762CC BaseClass: NativeClass:/Script/Engine.StaticMeshActor Name:StaticMeshActor_UAID_107C61B295B0404302_1339877431 Label:SM_Cube25 SpatiallyLoaded:1 Bounds:IsValid=true, Min=(X=750.000 Y=6000.000 Z=0.000), Max=(X=850.000 Y=9000.000 Z=500.000) RuntimeGrid:None EditorOnly:0 RuntimeOnly:0 HLODRelevant:1
 |   |   |- [+] [ 18]
 |   |   |   |- Guid:EDCAAC39432D2F3072E2BF96D9871950 BaseClass: NativeClass:/Script/Engine.StaticMeshActor Name:StaticMeshActor_UAID_107C61B295B0404302_1339877432 Label:SM_Cube26 SpatiallyLoaded:1 Bounds:IsValid=true, Min=(X=-850.000 Y=6000.000 Z=0.000), Max=(X=-750.000 Y=9000.000 Z=500.000) RuntimeGrid:None EditorOnly:0 RuntimeOnly:0 HLODRelevant:1
 |   |   |- [+] [ 19]
 |   |   |   |- Guid:8059609E4E010D6B81C6BE973496EE8C BaseClass: NativeClass:/Script/Engine.StaticMeshActor Name:StaticMeshActor_UAID_107C61B295B0404302_1339879433 Label:SM_Cube27 SpatiallyLoaded:1 Bounds:IsValid=true, Min=(X=750.000 Y=-9000.000 Z=0.000), Max=(X=850.000 Y=-6000.000 Z=500.000) RuntimeGrid:None EditorOnly:0 RuntimeOnly:0 HLODRelevant:1
 |   |   |- [+] [ 20]
 |   |   |   |- Guid:C121F7C347EF44B2D3B2F0AC7CDE13CB BaseClass: NativeClass:/Script/Engine.StaticMeshActor Name:StaticMeshActor_UAID_107C61B295B0404302_1339879434 Label:SM_Cube28 SpatiallyLoaded:1 Bounds:IsValid=true, Min=(X=-850.000 Y=-9000.000 Z=0.000), Max=(X=-750.000 Y=-6000.000 Z=500.000) RuntimeGrid:None EditorOnly:0 RuntimeOnly:0 HLODRelevant:1
 |   |   |- [+] [ 21]
 |   |   |   |- Guid:C6A9D8AB4D1626D1305CEAA933D00C97 BaseClass: NativeClass:/Script/Engine.StaticMeshActor Name:StaticMeshActor_UAID_107C61B295B0404302_1339880435 Label:SM_Cube29 SpatiallyLoaded:1 Bounds:IsValid=true, Min=(X=750.000 Y=1000.000 Z=0.000), Max=(X=850.000 Y=4000.000 Z=500.000) RuntimeGrid:None EditorOnly:0 RuntimeOnly:0 HLODRelevant:1
 |   |   |- [+] [ 22]
 |   |   |   |- Guid:CE1F9F7C41C71B76B8233F8348F3F2F3 BaseClass: NativeClass:/Script/Engine.StaticMeshActor Name:StaticMeshActor_UAID_107C61B295B0404302_1339880436 Label:SM_Cube30 SpatiallyLoaded:1 Bounds:IsValid=true, Min=(X=-850.000 Y=1000.000 Z=0.000), Max=(X=-750.000 Y=4000.000 Z=500.000) RuntimeGrid:None EditorOnly:0 RuntimeOnly:0 HLODRelevant:1
 |   |   |- [+] [ 23]
 |   |   |   |- Guid:5A5B06DB40F9DEF126C44EA9BD681104 BaseClass: NativeClass:/Script/Engine.StaticMeshActor Name:StaticMeshActor_UAID_107C61B295B0404302_1339880437 Label:SM_Cube31 SpatiallyLoaded:1 Bounds:IsValid=true, Min=(X=750.000 Y=-4000.000 Z=0.000), Max=(X=850.000 Y=-1000.000 Z=500.000) RuntimeGrid:None EditorOnly:0 RuntimeOnly:0 HLODRelevant:1
 |   |   |- [+] [ 24]
 |   |   |   |- Guid:AC87A3D24A9F608FEE442AA977A05FDE BaseClass: NativeClass:/Script/Engine.StaticMeshActor Name:StaticMeshActor_UAID_107C61B295B0404302_1339881438 Label:SM_Cube32 SpatiallyLoaded:1 Bounds:IsValid=true, Min=(X=-850.000 Y=-4000.000 Z=0.000), Max=(X=-750.000 Y=-1000.000 Z=500.000) RuntimeGrid:None EditorOnly:0 RuntimeOnly:0 HLODRelevant:1
 |- ContainerInstances:
 |- [+] MainContainer:
 |   |-        ID: 0x0000000000000000
 |   |-    Bounds: IsValid=false, Min=(X=0.000 Y=0.000 Z=0.000), Max=(X=0.000 Y=0.000 Z=0.000)
 |   |- Transform: 0.000000,0.000000,0.000000|0.000000,0.000000,-0.000000|1.000000,1.000000,1.000000
 |   |- Container: /Game/Maps_And_Modes/Maps/ThirdPersonMap
----------------------------------------------------------------------------------------------------------------
ThirdPersonMap - Persistent Level
----------------------------------------------------------------------------------------------------------------
Always loaded Actor Count: 80 

----------------------------------------------------------------------------------------------------------------
ThirdPersonMap - Runtime Spatial Hash - Streaming Grid - MainGrid
----------------------------------------------------------------------------------------------------------------
            Origin: X=0.000 Y=0.000 Z=0.000
         Cell Size: 12800
      World Bounds: IsValid=false, Min=(X=0.000 Y=0.000 Z=0.000), Max=(X=0.000 Y=0.000 Z=0.000)
     Loading Range: 25600.00
Block Slow Loading: No
 ClientOnlyVisible: No

[+] Grid Levels: 1
 |- Level  0: Cell Count    0 | Cell Size   12800 | Actor Count    0 (0.0%)

[+] Content of Grid Level 0

