[+] Containers:
 |- [+] Container: /Game/Maps_And_Modes/Maps/ThirdPersonMap
 |   |- [+] ActorDescs:
 |   |   |- Guid:0542441A4E111727FDE76CB81BD88FCB BaseClass: NativeClass:/Script/Engine.StaticMeshActor Name:StaticMeshActor_UAID_107C61B295B0404302_1264438416 Label:SM_Cube10 SpatiallyLoaded:1 Bounds:IsValid=true, Min=(X=4750.000 Y=750.000 Z=0.000), Max=(X=6250.000 Y=850.000 Z=500.000) RuntimeGrid:None EditorOnly:0 RuntimeOnly:0 HLODRelevant:1
 |   |   |- Guid:08E2D1DB4B78A74B59B0089C0D5BCF83 BaseClass: NativeClass:/Script/Engine.TargetPoint Name:TargetPoint_UAID_107C61B295B0354302_2110439599 Label:Inventory Area Point SpatiallyLoaded:1 Bounds:IsValid=true, Min=(X=281.043 Y=2026.465 Z=1158.562), Max=(X=281.043 Y=2026.465 Z=1158.562) RuntimeGrid:None EditorOnly:0 RuntimeOnly:0 HLODRelevant:0 Parent:4A6EB1E849DBBF864E6CA085FDDF88B9
 |   |   |- Guid:09D897894B3B9D09E0F4339F5C984EFD BaseClass: NativeClass:/Script/Engine.StaticMeshActor Name:StaticMeshActor_UAID_107C61B295B0404302_1330213422 Label:SM_Cube16 SpatiallyLoaded:1 Bounds:IsValid=true, Min=(X=-2250.000 Y=750.000 Z=0.000), Max=(X=-750.000 Y=850.000 Z=500.000) RuntimeGrid:None EditorOnly:0 RuntimeOnly:0 HLODRelevant:1
 |   |   |- Guid:0A3CE4DA496D08F2329EA9BBBEE8BAFE BaseClass: NativeClass:/Script/NavigationSystem.RecastNavMesh Name:RecastNavMesh_UAID_107C61B295B0341C02-Default Label:RecastNavMesh-Default SpatiallyLoaded:0 Bounds:IsValid=true, Min=(X=0.000 Y=0.000 Z=0.000), Max=(X=0.000 Y=0.000 Z=0.000) RuntimeGrid:None EditorOnly:0 RuntimeOnly:0 HLODRelevant:0
 |   |   |- Guid:1546477949BB803065CA26B810A5808F BaseClass: NativeClass:/Script/Engine.StaticMeshActor Name:StaticMeshActor_UAID_107C61B295B0404302_1264437415 Label:SM_Cube9 SpatiallyLoaded:1 Bounds:IsValid=true, Min=(X=4750.000 Y=-850.000 Z=0.000), Max=(X=6250.000 Y=-750.000 Z=500.000) RuntimeGrid:None EditorOnly:0 RuntimeOnly:0 HLODRelevant:1
 |   |   |- Guid:1C04ADEB4954C46BAEFA038D5B49FE34 BaseClass: NativeClass:/Script/Engine.StaticMeshActor Name:StaticMeshActor_UAID_107C61B295B0444302_2065773148 Label:SM_Cube21 SpatiallyLoaded:1 Bounds:IsValid=true, Min=(X=6150.000 Y=-6250.000 Z=0.000), Max=(X=6250.000 Y=-4750.000 Z=500.000) RuntimeGrid:None EditorOnly:0 RuntimeOnly:0 HLODRelevant:1
 |   |   |- Guid:224633A54EB060BB0FB2339AB1465D0A BaseClass:/Game/UltraDynamicSky/Blueprints/Ultra_Dynamic_Weather.Ultra_Dynamic_Weather_C NativeClass:/Script/Engine.Actor Name:Ultra_Dynamic_Weather_C_UAID_A85E45A79B400A0F02_1730026096 Label:Ultra_Dynamic_Weather SpatiallyLoaded:0 Bounds:IsValid=true, Min=(X=-5000000000.000 Y=-5000000000.000 Z=-5000000100.000), Max=(X=5000000000.000 Y=5000000000.000 Z=4999999900.000) RuntimeGrid:None EditorOnly:0 RuntimeOnly:0 HLODRelevant:0 FolderPath:Lighting FolderGuid:963EC3EB4002CCE9759E2EBA541A873A
 |   |   |- Guid:27AA60A54240A3676847C6B6B67533A6 BaseClass: NativeClass:/Script/Engine.StaticMeshActor Name:StaticMeshActor_UAID_107C61B295B0444302_2104426155 Label:SM_Cube36 SpatiallyLoaded:1 Bounds:IsValid=true, Min=(X=-2250.000 Y=6150.000 Z=0.000), Max=(X=-750.000 Y=6250.000 Z=500.000) RuntimeGrid:None EditorOnly:0 RuntimeOnly:0 HLODRelevant:1
 |   |   |- Guid:34BC030A40E09E7FB7257BBA3C818B15 BaseClass: NativeClass:/Script/Engine.StaticMeshActor Name:StaticMeshActor_UAID_107C61B295B0444302_2010607146 Label:SM_Cube19 SpatiallyLoaded:1 Bounds:IsValid=true, Min=(X=-6250.000 Y=-6250.000 Z=0.000), Max=(X=-6150.000 Y=-4750.000 Z=500.000) RuntimeGrid:None EditorOnly:0 RuntimeOnly:0 HLODRelevant:1
 |   |   |- Guid:3C83BA474AAA48137AC64C89DA8D060B BaseClass: NativeClass:/Script/Engine.StaticMeshActor Name:StaticMeshActor_UAID_107C61B295B0444302_2120884159 Label:SM_Cube40 SpatiallyLoaded:1 Bounds:IsValid=true, Min=(X=4752.465 Y=-6250.000 Z=0.000), Max=(X=6252.465 Y=-6150.000 Z=500.000) RuntimeGrid:None EditorOnly:0 RuntimeOnly:0 HLODRelevant:1
 |   |   |- Guid:4A6EB1E849DBBF864E6CA085FDDF88B9 BaseClass: NativeClass:/Script/Engine.StaticMeshActor Name:StaticMeshActor_UAID_107C61B295B0354302_2096738598 Label:Inventory Area SpatiallyLoaded:1 Bounds:IsValid=true, Min=(X=81.043 Y=1776.465 Z=1008.562), Max=(X=481.043 Y=2276.465 Z=1108.562) RuntimeGrid:None EditorOnly:0 RuntimeOnly:0 HLODRelevant:1
 |   |   |- Guid:4E59552D4AC0DC62266F8D920510745F BaseClass: NativeClass:/Script/Engine.StaticMeshActor Name:StaticMeshActor_UAID_107C61B295B0404302_1315736419 Label:SM_Cube13 SpatiallyLoaded:1 Bounds:IsValid=true, Min=(X=750.000 Y=-850.000 Z=0.000), Max=(X=2250.000 Y=-750.000 Z=500.000) RuntimeGrid:None EditorOnly:0 RuntimeOnly:0 HLODRelevant:1
 |   |   |- Guid:4F9BCB464C7EFB9D2B20AF923C52AD8F BaseClass: NativeClass:/Script/Engine.StaticMeshActor Name:StaticMeshActor_UAID_107C61B295B0444302_2114262157 Label:SM_Cube38 SpatiallyLoaded:1 Bounds:IsValid=true, Min=(X=4752.465 Y=6150.000 Z=-0.000), Max=(X=6252.465 Y=6250.000 Z=500.000) RuntimeGrid:None EditorOnly:0 RuntimeOnly:0 HLODRelevant:1
 |   |   |- Guid:56F6A00042C7B56495CB3890F85180A9 BaseClass: NativeClass:/Script/NavigationSystem.NavMeshBoundsVolume Name:NavMeshBoundsVolume_UAID_107C61B295B0341C02_1121358215 Label:NavMeshBoundsVolume SpatiallyLoaded:0 Bounds:IsValid=true, Min=(X=-50000.000 Y=-50000.000 Z=-50000.000), Max=(X=50000.000 Y=50000.000 Z=50000.000) RuntimeGrid:None EditorOnly:0 RuntimeOnly:0 HLODRelevant:0 FolderPath:Volumes FolderGuid:2494046C4731A4395AE7A28C12E3E62C
 |   |   |- Guid:5A5B06DB40F9DEF126C44EA9BD681104 BaseClass: NativeClass:/Script/Engine.StaticMeshActor Name:StaticMeshActor_UAID_107C61B295B0404302_1339880437 Label:SM_Cube31 SpatiallyLoaded:1 Bounds:IsValid=true, Min=(X=750.000 Y=-2250.000 Z=0.000), Max=(X=850.000 Y=-750.000 Z=500.000) RuntimeGrid:None EditorOnly:0 RuntimeOnly:0 HLODRelevant:1
 |   |   |- Guid:6BAF4DDD444C60371492D3919DB42C97 BaseClass: NativeClass:/Script/Engine.WorldDataLayers Name:WorldDataLayers Label:WorldDataLayers SpatiallyLoaded:0 Bounds:IsValid=true, Min=(X=0.000 Y=0.000 Z=0.000), Max=(X=0.000 Y=0.000 Z=0.000) RuntimeGrid:None EditorOnly:0 RuntimeOnly:0 HLODRelevant:0
 |   |   |- Guid:6E69686C4AF7B82BF64B719735CB1D0A BaseClass:/Game/UltraDynamicSky/Blueprints/Ultra_Dynamic_Sky.Ultra_Dynamic_Sky_C NativeClass:/Script/Engine.Actor Name:Ultra_Dynamic_Sky_C_UAID_A85E45A79B400A0F02_1722726095 Label:Ultra_Dynamic_Sky SpatiallyLoaded:0 Bounds:IsValid=true, Min=(X=-9369290602.598 Y=-9369288750.000 Z=-10538807737.791), Max=(X=9369286897.402 Y=9369286875.000 Z=9390707887.209) RuntimeGrid:None EditorOnly:0 RuntimeOnly:0 HLODRelevant:0 FolderPath:Lighting FolderGuid:963EC3EB4002CCE9759E2EBA541A873A
 |   |   |- Guid:7DFE781D468C545D38293E98FCDA5942 BaseClass: NativeClass:/Script/Engine.StaticMeshActor Name:StaticMeshActor_UAID_107C61B295B0444302_1975913144 Label:SM_Cube17 SpatiallyLoaded:1 Bounds:IsValid=true, Min=(X=-6250.000 Y=-6250.000 Z=0.000), Max=(X=-4750.000 Y=-6150.000 Z=500.000) RuntimeGrid:None EditorOnly:0 RuntimeOnly:0 HLODRelevant:1
 |   |   |- Guid:8059609E4E010D6B81C6BE973496EE8C BaseClass: NativeClass:/Script/Engine.StaticMeshActor Name:StaticMeshActor_UAID_107C61B295B0404302_1339879433 Label:SM_Cube27 SpatiallyLoaded:1 Bounds:IsValid=true, Min=(X=750.000 Y=-6250.000 Z=0.000), Max=(X=850.000 Y=-4750.000 Z=500.000) RuntimeGrid:None EditorOnly:0 RuntimeOnly:0 HLODRelevant:1
 |   |   |- Guid:8DDB873A42F1F7C54A635EB6835CBD18 BaseClass: NativeClass:/Script/Engine.StaticMeshActor Name:StaticMeshActor_UAID_107C61B295B0444302_2120882158 Label:SM_Cube39 SpatiallyLoaded:1 Bounds:IsValid=true, Min=(X=752.465 Y=-6250.000 Z=0.000), Max=(X=2252.465 Y=-6150.000 Z=500.000) RuntimeGrid:None EditorOnly:0 RuntimeOnly:0 HLODRelevant:1
 |   |   |- Guid:93C2D5244F368D67DA03F78F435A0106 BaseClass: NativeClass:/Script/Engine.StaticMeshActor Name:StaticMeshActor_UAID_107C61B295B0404302_1315738420 Label:SM_Cube14 SpatiallyLoaded:1 Bounds:IsValid=true, Min=(X=750.000 Y=750.000 Z=0.000), Max=(X=2250.000 Y=850.000 Z=500.000) RuntimeGrid:None EditorOnly:0 RuntimeOnly:0 HLODRelevant:1
 |   |   |- Guid:A028ADDD433894B7BF66A0A44B18BDE5 BaseClass: NativeClass:/Script/Engine.StaticMeshActor Name:StaticMeshActor_UAID_107C61B295B0404302_1303889417 Label:SM_Cube11 SpatiallyLoaded:1 Bounds:IsValid=true, Min=(X=-6250.000 Y=-850.000 Z=0.000), Max=(X=-4750.000 Y=-750.000 Z=500.000) RuntimeGrid:None EditorOnly:0 RuntimeOnly:0 HLODRelevant:1
 |   |   |- Guid:A296A4764FCCB294433C25A90457EA7D BaseClass: NativeClass:/Script/Engine.StaticMeshActor Name:StaticMeshActor_UAID_107C61B295B0404302_1303890418 Label:SM_Cube12 SpatiallyLoaded:1 Bounds:IsValid=true, Min=(X=-6250.000 Y=750.000 Z=0.000), Max=(X=-4750.000 Y=850.000 Z=500.000) RuntimeGrid:None EditorOnly:0 RuntimeOnly:0 HLODRelevant:1
 |   |   |- Guid:A8CC75A8496580363E62509132400309 BaseClass: NativeClass:/Script/Engine.PostProcessVolume Name:PostProcessVolume_UAID_107C61B295B0954202_2044848418 Label:PostProcessVolume2 SpatiallyLoaded:0 Bounds:IsValid=true, Min=(X=-100.000 Y=-100.000 Z=-100.000), Max=(X=100.000 Y=100.000 Z=100.000) RuntimeGrid:None EditorOnly:0 RuntimeOnly:0 HLODRelevant:0 FolderPath:Volumes FolderGuid:2494046C4731A4395AE7A28C12E3E62C
 |   |   |- Guid:AA6A979F4D0FB3990A2A7E8C8DDFE82B BaseClass: NativeClass:/Script/Engine.StaticMeshActor Name:StaticMeshActor_UAID_107C61B295B0444302_2082115150 Label:SM_Cube23 SpatiallyLoaded:1 Bounds:IsValid=true, Min=(X=6150.000 Y=750.000 Z=-0.000), Max=(X=6250.000 Y=2250.000 Z=500.000) RuntimeGrid:None EditorOnly:0 RuntimeOnly:0 HLODRelevant:1
 |   |   |- Guid:AC87A3D24A9F608FEE442AA977A05FDE BaseClass: NativeClass:/Script/Engine.StaticMeshActor Name:StaticMeshActor_UAID_107C61B295B0404302_1339881438 Label:SM_Cube32 SpatiallyLoaded:1 Bounds:IsValid=true, Min=(X=-850.000 Y=-2250.000 Z=0.000), Max=(X=-750.000 Y=-750.000 Z=500.000) RuntimeGrid:None EditorOnly:0 RuntimeOnly:0 HLODRelevant:1
 |   |   |- Guid:B36FA9BA49371F8E7B29A89A20974BE5 BaseClass: NativeClass:/Script/Engine.StaticMeshActor Name:StaticMeshActor_UAID_107C61B295B0444302_2114261156 Label:SM_Cube37 SpatiallyLoaded:1 Bounds:IsValid=true, Min=(X=752.465 Y=6150.000 Z=-0.000), Max=(X=2252.465 Y=6250.000 Z=500.000) RuntimeGrid:None EditorOnly:0 RuntimeOnly:0 HLODRelevant:1
 |   |   |- Guid:BC77F0514215CAAAC0454CAEC64896CD BaseClass: NativeClass:/Script/Engine.StaticMeshActor Name:StaticMeshActor_UAID_107C61B295B0444302_2104425154 Label:SM_Cube35 SpatiallyLoaded:1 Bounds:IsValid=true, Min=(X=-6250.000 Y=6150.000 Z=0.000), Max=(X=-4750.000 Y=6250.000 Z=500.000) RuntimeGrid:None EditorOnly:0 RuntimeOnly:0 HLODRelevant:1
 |   |   |- Guid:C121F7C347EF44B2D3B2F0AC7CDE13CB BaseClass: NativeClass:/Script/Engine.StaticMeshActor Name:StaticMeshActor_UAID_107C61B295B0404302_1339879434 Label:SM_Cube28 SpatiallyLoaded:1 Bounds:IsValid=true, Min=(X=-850.000 Y=-6250.000 Z=0.000), Max=(X=-750.000 Y=-4750.000 Z=500.000) RuntimeGrid:None EditorOnly:0 RuntimeOnly:0 HLODRelevant:1
 |   |   |- Guid:C569124346C65613D51919ABE73D7227 BaseClass: NativeClass:/Script/Engine.StaticMeshActor Name:StaticMeshActor_UAID_107C61B295B0444302_2010609147 Label:SM_Cube20 SpatiallyLoaded:1 Bounds:IsValid=true, Min=(X=-6250.000 Y=-2250.000 Z=0.000), Max=(X=-6150.000 Y=-750.000 Z=500.000) RuntimeGrid:None EditorOnly:0 RuntimeOnly:0 HLODRelevant:1
 |   |   |- Guid:C6A9D8AB4D1626D1305CEAA933D00C97 BaseClass: NativeClass:/Script/Engine.StaticMeshActor Name:StaticMeshActor_UAID_107C61B295B0404302_1339880435 Label:SM_Cube29 SpatiallyLoaded:1 Bounds:IsValid=true, Min=(X=750.000 Y=750.000 Z=0.000), Max=(X=850.000 Y=2250.000 Z=500.000) RuntimeGrid:None EditorOnly:0 RuntimeOnly:0 HLODRelevant:1
 |   |   |- Guid:CB481F5C43CA88062D8DDBB53E3762CC BaseClass: NativeClass:/Script/Engine.StaticMeshActor Name:StaticMeshActor_UAID_107C61B295B0404302_1339877431 Label:SM_Cube25 SpatiallyLoaded:1 Bounds:IsValid=true, Min=(X=750.000 Y=4750.000 Z=0.000), Max=(X=850.000 Y=6250.000 Z=500.000) RuntimeGrid:None EditorOnly:0 RuntimeOnly:0 HLODRelevant:1
 |   |   |- Guid:CC587E98492BDD02AB2559944F413314 BaseClass: NativeClass:/Script/Engine.StaticMeshActor Name:StaticMeshActor_UAID_107C61B295B0404302_1330211421 Label:SM_Cube15 SpatiallyLoaded:1 Bounds:IsValid=true, Min=(X=-2250.000 Y=-850.000 Z=0.000), Max=(X=-750.000 Y=-750.000 Z=500.000) RuntimeGrid:None EditorOnly:0 RuntimeOnly:0 HLODRelevant:1
 |   |   |- Guid:CE1F9F7C41C71B76B8233F8348F3F2F3 BaseClass: NativeClass:/Script/Engine.StaticMeshActor Name:StaticMeshActor_UAID_107C61B295B0404302_1339880436 Label:SM_Cube30 SpatiallyLoaded:1 Bounds:IsValid=true, Min=(X=-850.000 Y=750.000 Z=0.000), Max=(X=-750.000 Y=2250.000 Z=500.000) RuntimeGrid:None EditorOnly:0 RuntimeOnly:0 HLODRelevant:1
 |   |   |- Guid:D13812E84DF6DBAA30239DB6E31624E0 BaseClass: NativeClass:/Script/Engine.StaticMeshActor Name:StaticMeshActor_UAID_107C61B295B0444302_2098867152 Label:SM_Cube33 SpatiallyLoaded:1 Bounds:IsValid=true, Min=(X=-6250.000 Y=750.000 Z=-0.000), Max=(X=-6150.000 Y=2250.000 Z=500.000) RuntimeGrid:None EditorOnly:0 RuntimeOnly:0 HLODRelevant:1
 |   |   |- Guid:D323BD5546B952B6939146B546EC3EC0 BaseClass: NativeClass:/Script/Engine.StaticMeshActor Name:StaticMeshActor_UAID_107C61B295B0444302_1975914145 Label:SM_Cube18 SpatiallyLoaded:1 Bounds:IsValid=true, Min=(X=-2250.000 Y=-6250.000 Z=0.000), Max=(X=-750.000 Y=-6150.000 Z=500.000) RuntimeGrid:None EditorOnly:0 RuntimeOnly:0 HLODRelevant:1
 |   |   |- Guid:DFAB3EC44A413923E64F499543FA20B9 BaseClass: NativeClass:/Script/Engine.StaticMeshActor Name:StaticMeshActor_UAID_107C61B295B0354302_1153219580 Label:Floor SpatiallyLoaded:1 Bounds:IsValid=true, Min=(X=-6250.000 Y=-6250.000 Z=-12.500), Max=(X=6250.000 Y=6250.000 Z=12.500) RuntimeGrid:None EditorOnly:0 RuntimeOnly:0 HLODRelevant:1 FolderGuid:F22D77DE4BF4FF7187A46EBC2BEFA2D9
 |   |   |- Guid:E06431564BB8184698ECF8A4F7797D37 BaseClass: NativeClass:/Script/Engine.StaticMeshActor Name:StaticMeshActor_UAID_107C61B295B0444302_2082115151 Label:SM_Cube24 SpatiallyLoaded:1 Bounds:IsValid=true, Min=(X=6150.000 Y=4750.000 Z=-0.000), Max=(X=6250.000 Y=6250.000 Z=500.000) RuntimeGrid:None EditorOnly:0 RuntimeOnly:0 HLODRelevant:1
 |   |   |- Guid:EDCAAC39432D2F3072E2BF96D9871950 BaseClass: NativeClass:/Script/Engine.StaticMeshActor Name:StaticMeshActor_UAID_107C61B295B0404302_1339877432 Label:SM_Cube26 SpatiallyLoaded:1 Bounds:IsValid=true, Min=(X=-850.000 Y=4750.000 Z=0.000), Max=(X=-750.000 Y=6250.000 Z=500.000) RuntimeGrid:None EditorOnly:0 RuntimeOnly:0 HLODRelevant:1
 |   |   |- Guid:F099EAED4BD139182D02ABA2390B48B3 BaseClass: NativeClass:/Script/Engine.StaticMeshActor Name:StaticMeshActor_UAID_107C61B295B0444302_2065774149 Label:SM_Cube22 SpatiallyLoaded:1 Bounds:IsValid=true, Min=(X=6150.000 Y=-2250.000 Z=0.000), Max=(X=6250.000 Y=-750.000 Z=500.000) RuntimeGrid:None EditorOnly:0 RuntimeOnly:0 HLODRelevant:1
 |   |   |- Guid:F85D77034C0DCBB81DE1318CB4A5C40A BaseClass:/Game/Characters/Player/BP_Player.BP_Player_C NativeClass:/Script/Engine.Character Name:BP_Player_C_UAID_107C61B295B0364302_1918852491 Label:BP_Player SpatiallyLoaded:1 Bounds:IsValid=true, Min=(X=-199.806 Y=-73.958 Z=12.500), Max=(X=172.035 Y=1.762 Z=192.500) RuntimeGrid:None EditorOnly:0 RuntimeOnly:0 HLODRelevant:0
 |   |   |- Guid:FB3865AC474F9A03BF9D8689E26D50A0 BaseClass: NativeClass:/Script/Engine.StaticMeshActor Name:StaticMeshActor_UAID_107C61B295B0444302_2098869153 Label:SM_Cube34 SpatiallyLoaded:1 Bounds:IsValid=true, Min=(X=-6250.000 Y=4750.000 Z=-0.000), Max=(X=-6150.000 Y=6250.000 Z=500.000) RuntimeGrid:None EditorOnly:0 RuntimeOnly:0 HLODRelevant:1
 |   |- [+] Clusters:
 |   |   |- [+] [  0]
 |   |   |   |- Guid:0542441A4E111727FDE76CB81BD88FCB BaseClass: NativeClass:/Script/Engine.StaticMeshActor Name:StaticMeshActor_UAID_107C61B295B0404302_1264438416 Label:SM_Cube10 SpatiallyLoaded:1 Bounds:IsValid=true, Min=(X=4750.000 Y=750.000 Z=0.000), Max=(X=6250.000 Y=850.000 Z=500.000) RuntimeGrid:None EditorOnly:0 RuntimeOnly:0 HLODRelevant:1
 |   |   |- [+] [  1]
 |   |   |   |- Guid:93C2D5244F368D67DA03F78F435A0106 BaseClass: NativeClass:/Script/Engine.StaticMeshActor Name:StaticMeshActor_UAID_107C61B295B0404302_1315738420 Label:SM_Cube14 SpatiallyLoaded:1 Bounds:IsValid=true, Min=(X=750.000 Y=750.000 Z=0.000), Max=(X=2250.000 Y=850.000 Z=500.000) RuntimeGrid:None EditorOnly:0 RuntimeOnly:0 HLODRelevant:1
 |   |   |- [+] [  2]
 |   |   |   |- Guid:08E2D1DB4B78A74B59B0089C0D5BCF83 BaseClass: NativeClass:/Script/Engine.TargetPoint Name:TargetPoint_UAID_107C61B295B0354302_2110439599 Label:Inventory Area Point SpatiallyLoaded:1 Bounds:IsValid=true, Min=(X=281.043 Y=2026.465 Z=1158.562), Max=(X=281.043 Y=2026.465 Z=1158.562) RuntimeGrid:None EditorOnly:0 RuntimeOnly:0 HLODRelevant:0 Parent:4A6EB1E849DBBF864E6CA085FDDF88B9
 |   |   |   |- Guid:4A6EB1E849DBBF864E6CA085FDDF88B9 BaseClass: NativeClass:/Script/Engine.StaticMeshActor Name:StaticMeshActor_UAID_107C61B295B0354302_2096738598 Label:Inventory Area SpatiallyLoaded:1 Bounds:IsValid=true, Min=(X=81.043 Y=1776.465 Z=1008.562), Max=(X=481.043 Y=2276.465 Z=1108.562) RuntimeGrid:None EditorOnly:0 RuntimeOnly:0 HLODRelevant:1
 |   |   |- [+] [  3]
 |   |   |   |- Guid:3C83BA474AAA48137AC64C89DA8D060B BaseClass: NativeClass:/Script/Engine.StaticMeshActor Name:StaticMeshActor_UAID_107C61B295B0444302_2120884159 Label:SM_Cube40 SpatiallyLoaded:1 Bounds:IsValid=true, Min=(X=4752.465 Y=-6250.000 Z=0.000), Max=(X=6252.465 Y=-6150.000 Z=500.000) RuntimeGrid:None EditorOnly:0 RuntimeOnly:0 HLODRelevant:1
 |   |   |- [+] [  4]
 |   |   |   |- Guid:A8CC75A8496580363E62509132400309 BaseClass: NativeClass:/Script/Engine.PostProcessVolume Name:PostProcessVolume_UAID_107C61B295B0954202_2044848418 Label:PostProcessVolume2 SpatiallyLoaded:0 Bounds:IsValid=true, Min=(X=-100.000 Y=-100.000 Z=-100.000), Max=(X=100.000 Y=100.000 Z=100.000) RuntimeGrid:None EditorOnly:0 RuntimeOnly:0 HLODRelevant:0 FolderPath:Volumes FolderGuid:2494046C4731A4395AE7A28C12E3E62C
 |   |   |- [+] [  5]
 |   |   |   |- Guid:A028ADDD433894B7BF66A0A44B18BDE5 BaseClass: NativeClass:/Script/Engine.StaticMeshActor Name:StaticMeshActor_UAID_107C61B295B0404302_1303889417 Label:SM_Cube11 SpatiallyLoaded:1 Bounds:IsValid=true, Min=(X=-6250.000 Y=-850.000 Z=0.000), Max=(X=-4750.000 Y=-750.000 Z=500.000) RuntimeGrid:None EditorOnly:0 RuntimeOnly:0 HLODRelevant:1
 |   |   |- [+] [  6]
 |   |   |   |- Guid:8DDB873A42F1F7C54A635EB6835CBD18 BaseClass: NativeClass:/Script/Engine.StaticMeshActor Name:StaticMeshActor_UAID_107C61B295B0444302_2120882158 Label:SM_Cube39 SpatiallyLoaded:1 Bounds:IsValid=true, Min=(X=752.465 Y=-6250.000 Z=0.000), Max=(X=2252.465 Y=-6150.000 Z=500.000) RuntimeGrid:None EditorOnly:0 RuntimeOnly:0 HLODRelevant:1
 |   |   |- [+] [  7]
 |   |   |   |- Guid:4F9BCB464C7EFB9D2B20AF923C52AD8F BaseClass: NativeClass:/Script/Engine.StaticMeshActor Name:StaticMeshActor_UAID_107C61B295B0444302_2114262157 Label:SM_Cube38 SpatiallyLoaded:1 Bounds:IsValid=true, Min=(X=4752.465 Y=6150.000 Z=-0.000), Max=(X=6252.465 Y=6250.000 Z=500.000) RuntimeGrid:None EditorOnly:0 RuntimeOnly:0 HLODRelevant:1
 |   |   |- [+] [  8]
 |   |   |   |- Guid:B36FA9BA49371F8E7B29A89A20974BE5 BaseClass: NativeClass:/Script/Engine.StaticMeshActor Name:StaticMeshActor_UAID_107C61B295B0444302_2114261156 Label:SM_Cube37 SpatiallyLoaded:1 Bounds:IsValid=true, Min=(X=752.465 Y=6150.000 Z=-0.000), Max=(X=2252.465 Y=6250.000 Z=500.000) RuntimeGrid:None EditorOnly:0 RuntimeOnly:0 HLODRelevant:1
 |   |   |- [+] [  9]
 |   |   |   |- Guid:F85D77034C0DCBB81DE1318CB4A5C40A BaseClass:/Game/Characters/Player/BP_Player.BP_Player_C NativeClass:/Script/Engine.Character Name:BP_Player_C_UAID_107C61B295B0364302_1918852491 Label:BP_Player SpatiallyLoaded:1 Bounds:IsValid=true, Min=(X=-199.806 Y=-73.958 Z=12.500), Max=(X=172.035 Y=1.762 Z=192.500) RuntimeGrid:None EditorOnly:0 RuntimeOnly:0 HLODRelevant:0
 |   |   |- [+] [ 10]
 |   |   |   |- Guid:7DFE781D468C545D38293E98FCDA5942 BaseClass: NativeClass:/Script/Engine.StaticMeshActor Name:StaticMeshActor_UAID_107C61B295B0444302_1975913144 Label:SM_Cube17 SpatiallyLoaded:1 Bounds:IsValid=true, Min=(X=-6250.000 Y=-6250.000 Z=0.000), Max=(X=-4750.000 Y=-6150.000 Z=500.000) RuntimeGrid:None EditorOnly:0 RuntimeOnly:0 HLODRelevant:1
 |   |   |- [+] [ 11]
 |   |   |   |- Guid:27AA60A54240A3676847C6B6B67533A6 BaseClass: NativeClass:/Script/Engine.StaticMeshActor Name:StaticMeshActor_UAID_107C61B295B0444302_2104426155 Label:SM_Cube36 SpatiallyLoaded:1 Bounds:IsValid=true, Min=(X=-2250.000 Y=6150.000 Z=0.000), Max=(X=-750.000 Y=6250.000 Z=500.000) RuntimeGrid:None EditorOnly:0 RuntimeOnly:0 HLODRelevant:1
 |   |   |- [+] [ 12]
 |   |   |   |- Guid:224633A54EB060BB0FB2339AB1465D0A BaseClass:/Game/UltraDynamicSky/Blueprints/Ultra_Dynamic_Weather.Ultra_Dynamic_Weather_C NativeClass:/Script/Engine.Actor Name:Ultra_Dynamic_Weather_C_UAID_A85E45A79B400A0F02_1730026096 Label:Ultra_Dynamic_Weather SpatiallyLoaded:0 Bounds:IsValid=true, Min=(X=-5000000000.000 Y=-5000000000.000 Z=-5000000100.000), Max=(X=5000000000.000 Y=5000000000.000 Z=4999999900.000) RuntimeGrid:None EditorOnly:0 RuntimeOnly:0 HLODRelevant:0 FolderPath:Lighting FolderGuid:963EC3EB4002CCE9759E2EBA541A873A
 |   |   |- [+] [ 13]
 |   |   |   |- Guid:BC77F0514215CAAAC0454CAEC64896CD BaseClass: NativeClass:/Script/Engine.StaticMeshActor Name:StaticMeshActor_UAID_107C61B295B0444302_2104425154 Label:SM_Cube35 SpatiallyLoaded:1 Bounds:IsValid=true, Min=(X=-6250.000 Y=6150.000 Z=0.000), Max=(X=-4750.000 Y=6250.000 Z=500.000) RuntimeGrid:None EditorOnly:0 RuntimeOnly:0 HLODRelevant:1
 |   |   |- [+] [ 14]
 |   |   |   |- Guid:FB3865AC474F9A03BF9D8689E26D50A0 BaseClass: NativeClass:/Script/Engine.StaticMeshActor Name:StaticMeshActor_UAID_107C61B295B0444302_2098869153 Label:SM_Cube34 SpatiallyLoaded:1 Bounds:IsValid=true, Min=(X=-6250.000 Y=4750.000 Z=-0.000), Max=(X=-6150.000 Y=6250.000 Z=500.000) RuntimeGrid:None EditorOnly:0 RuntimeOnly:0 HLODRelevant:1
 |   |   |- [+] [ 15]
 |   |   |   |- Guid:D13812E84DF6DBAA30239DB6E31624E0 BaseClass: NativeClass:/Script/Engine.StaticMeshActor Name:StaticMeshActor_UAID_107C61B295B0444302_2098867152 Label:SM_Cube33 SpatiallyLoaded:1 Bounds:IsValid=true, Min=(X=-6250.000 Y=750.000 Z=-0.000), Max=(X=-6150.000 Y=2250.000 Z=500.000) RuntimeGrid:None EditorOnly:0 RuntimeOnly:0 HLODRelevant:1
 |   |   |- [+] [ 16]
 |   |   |   |- Guid:E06431564BB8184698ECF8A4F7797D37 BaseClass: NativeClass:/Script/Engine.StaticMeshActor Name:StaticMeshActor_UAID_107C61B295B0444302_2082115151 Label:SM_Cube24 SpatiallyLoaded:1 Bounds:IsValid=true, Min=(X=6150.000 Y=4750.000 Z=-0.000), Max=(X=6250.000 Y=6250.000 Z=500.000) RuntimeGrid:None EditorOnly:0 RuntimeOnly:0 HLODRelevant:1
 |   |   |- [+] [ 17]
 |   |   |   |- Guid:AA6A979F4D0FB3990A2A7E8C8DDFE82B BaseClass: NativeClass:/Script/Engine.StaticMeshActor Name:StaticMeshActor_UAID_107C61B295B0444302_2082115150 Label:SM_Cube23 SpatiallyLoaded:1 Bounds:IsValid=true, Min=(X=6150.000 Y=750.000 Z=-0.000), Max=(X=6250.000 Y=2250.000 Z=500.000) RuntimeGrid:None EditorOnly:0 RuntimeOnly:0 HLODRelevant:1
 |   |   |- [+] [ 18]
 |   |   |   |- Guid:1546477949BB803065CA26B810A5808F BaseClass: NativeClass:/Script/Engine.StaticMeshActor Name:StaticMeshActor_UAID_107C61B295B0404302_1264437415 Label:SM_Cube9 SpatiallyLoaded:1 Bounds:IsValid=true, Min=(X=4750.000 Y=-850.000 Z=0.000), Max=(X=6250.000 Y=-750.000 Z=500.000) RuntimeGrid:None EditorOnly:0 RuntimeOnly:0 HLODRelevant:1
 |   |   |- [+] [ 19]
 |   |   |   |- Guid:F099EAED4BD139182D02ABA2390B48B3 BaseClass: NativeClass:/Script/Engine.StaticMeshActor Name:StaticMeshActor_UAID_107C61B295B0444302_2065774149 Label:SM_Cube22 SpatiallyLoaded:1 Bounds:IsValid=true, Min=(X=6150.000 Y=-2250.000 Z=0.000), Max=(X=6250.000 Y=-750.000 Z=500.000) RuntimeGrid:None EditorOnly:0 RuntimeOnly:0 HLODRelevant:1
 |   |   |- [+] [ 20]
 |   |   |   |- Guid:1C04ADEB4954C46BAEFA038D5B49FE34 BaseClass: NativeClass:/Script/Engine.StaticMeshActor Name:StaticMeshActor_UAID_107C61B295B0444302_2065773148 Label:SM_Cube21 SpatiallyLoaded:1 Bounds:IsValid=true, Min=(X=6150.000 Y=-6250.000 Z=0.000), Max=(X=6250.000 Y=-4750.000 Z=500.000) RuntimeGrid:None EditorOnly:0 RuntimeOnly:0 HLODRelevant:1
 |   |   |- [+] [ 21]
 |   |   |   |- Guid:6BAF4DDD444C60371492D3919DB42C97 BaseClass: NativeClass:/Script/Engine.WorldDataLayers Name:WorldDataLayers Label:WorldDataLayers SpatiallyLoaded:0 Bounds:IsValid=true, Min=(X=0.000 Y=0.000 Z=0.000), Max=(X=0.000 Y=0.000 Z=0.000) RuntimeGrid:None EditorOnly:0 RuntimeOnly:0 HLODRelevant:0
 |   |   |- [+] [ 22]
 |   |   |   |- Guid:C569124346C65613D51919ABE73D7227 BaseClass: NativeClass:/Script/Engine.StaticMeshActor Name:StaticMeshActor_UAID_107C61B295B0444302_2010609147 Label:SM_Cube20 SpatiallyLoaded:1 Bounds:IsValid=true, Min=(X=-6250.000 Y=-2250.000 Z=0.000), Max=(X=-6150.000 Y=-750.000 Z=500.000) RuntimeGrid:None EditorOnly:0 RuntimeOnly:0 HLODRelevant:1
 |   |   |- [+] [ 23]
 |   |   |   |- Guid:34BC030A40E09E7FB7257BBA3C818B15 BaseClass: NativeClass:/Script/Engine.StaticMeshActor Name:StaticMeshActor_UAID_107C61B295B0444302_2010607146 Label:SM_Cube19 SpatiallyLoaded:1 Bounds:IsValid=true, Min=(X=-6250.000 Y=-6250.000 Z=0.000), Max=(X=-6150.000 Y=-4750.000 Z=500.000) RuntimeGrid:None EditorOnly:0 RuntimeOnly:0 HLODRelevant:1
 |   |   |- [+] [ 24]
 |   |   |   |- Guid:D323BD5546B952B6939146B546EC3EC0 BaseClass: NativeClass:/Script/Engine.StaticMeshActor Name:StaticMeshActor_UAID_107C61B295B0444302_1975914145 Label:SM_Cube18 SpatiallyLoaded:1 Bounds:IsValid=true, Min=(X=-2250.000 Y=-6250.000 Z=0.000), Max=(X=-750.000 Y=-6150.000 Z=500.000) RuntimeGrid:None EditorOnly:0 RuntimeOnly:0 HLODRelevant:1
 |   |   |- [+] [ 25]
 |   |   |   |- Guid:4E59552D4AC0DC62266F8D920510745F BaseClass: NativeClass:/Script/Engine.StaticMeshActor Name:StaticMeshActor_UAID_107C61B295B0404302_1315736419 Label:SM_Cube13 SpatiallyLoaded:1 Bounds:IsValid=true, Min=(X=750.000 Y=-850.000 Z=0.000), Max=(X=2250.000 Y=-750.000 Z=500.000) RuntimeGrid:None EditorOnly:0 RuntimeOnly:0 HLODRelevant:1
 |   |   |- [+] [ 26]
 |   |   |   |- Guid:56F6A00042C7B56495CB3890F85180A9 BaseClass: NativeClass:/Script/NavigationSystem.NavMeshBoundsVolume Name:NavMeshBoundsVolume_UAID_107C61B295B0341C02_1121358215 Label:NavMeshBoundsVolume SpatiallyLoaded:0 Bounds:IsValid=true, Min=(X=-50000.000 Y=-50000.000 Z=-50000.000), Max=(X=50000.000 Y=50000.000 Z=50000.000) RuntimeGrid:None EditorOnly:0 RuntimeOnly:0 HLODRelevant:0 FolderPath:Volumes FolderGuid:2494046C4731A4395AE7A28C12E3E62C
 |   |   |- [+] [ 27]
 |   |   |   |- Guid:CC587E98492BDD02AB2559944F413314 BaseClass: NativeClass:/Script/Engine.StaticMeshActor Name:StaticMeshActor_UAID_107C61B295B0404302_1330211421 Label:SM_Cube15 SpatiallyLoaded:1 Bounds:IsValid=true, Min=(X=-2250.000 Y=-850.000 Z=0.000), Max=(X=-750.000 Y=-750.000 Z=500.000) RuntimeGrid:None EditorOnly:0 RuntimeOnly:0 HLODRelevant:1
 |   |   |- [+] [ 28]
 |   |   |   |- Guid:09D897894B3B9D09E0F4339F5C984EFD BaseClass: NativeClass:/Script/Engine.StaticMeshActor Name:StaticMeshActor_UAID_107C61B295B0404302_1330213422 Label:SM_Cube16 SpatiallyLoaded:1 Bounds:IsValid=true, Min=(X=-2250.000 Y=750.000 Z=0.000), Max=(X=-750.000 Y=850.000 Z=500.000) RuntimeGrid:None EditorOnly:0 RuntimeOnly:0 HLODRelevant:1
 |   |   |- [+] [ 29]
 |   |   |   |- Guid:CB481F5C43CA88062D8DDBB53E3762CC BaseClass: NativeClass:/Script/Engine.StaticMeshActor Name:StaticMeshActor_UAID_107C61B295B0404302_1339877431 Label:SM_Cube25 SpatiallyLoaded:1 Bounds:IsValid=true, Min=(X=750.000 Y=4750.000 Z=0.000), Max=(X=850.000 Y=6250.000 Z=500.000) RuntimeGrid:None EditorOnly:0 RuntimeOnly:0 HLODRelevant:1
 |   |   |- [+] [ 30]
 |   |   |   |- Guid:6E69686C4AF7B82BF64B719735CB1D0A BaseClass:/Game/UltraDynamicSky/Blueprints/Ultra_Dynamic_Sky.Ultra_Dynamic_Sky_C NativeClass:/Script/Engine.Actor Name:Ultra_Dynamic_Sky_C_UAID_A85E45A79B400A0F02_1722726095 Label:Ultra_Dynamic_Sky SpatiallyLoaded:0 Bounds:IsValid=true, Min=(X=-9369290602.598 Y=-9369288750.000 Z=-10538807737.791), Max=(X=9369286897.402 Y=9369286875.000 Z=9390707887.209) RuntimeGrid:None EditorOnly:0 RuntimeOnly:0 HLODRelevant:0 FolderPath:Lighting FolderGuid:963EC3EB4002CCE9759E2EBA541A873A
 |   |   |- [+] [ 31]
 |   |   |   |- Guid:A296A4764FCCB294433C25A90457EA7D BaseClass: NativeClass:/Script/Engine.StaticMeshActor Name:StaticMeshActor_UAID_107C61B295B0404302_1303890418 Label:SM_Cube12 SpatiallyLoaded:1 Bounds:IsValid=true, Min=(X=-6250.000 Y=750.000 Z=0.000), Max=(X=-4750.000 Y=850.000 Z=500.000) RuntimeGrid:None EditorOnly:0 RuntimeOnly:0 HLODRelevant:1
 |   |   |- [+] [ 32]
 |   |   |   |- Guid:0A3CE4DA496D08F2329EA9BBBEE8BAFE BaseClass: NativeClass:/Script/NavigationSystem.RecastNavMesh Name:RecastNavMesh_UAID_107C61B295B0341C02-Default Label:RecastNavMesh-Default SpatiallyLoaded:0 Bounds:IsValid=true, Min=(X=0.000 Y=0.000 Z=0.000), Max=(X=0.000 Y=0.000 Z=0.000) RuntimeGrid:None EditorOnly:0 RuntimeOnly:0 HLODRelevant:0
 |   |   |- [+] [ 33]
 |   |   |   |- Guid:EDCAAC39432D2F3072E2BF96D9871950 BaseClass: NativeClass:/Script/Engine.StaticMeshActor Name:StaticMeshActor_UAID_107C61B295B0404302_1339877432 Label:SM_Cube26 SpatiallyLoaded:1 Bounds:IsValid=true, Min=(X=-850.000 Y=4750.000 Z=0.000), Max=(X=-750.000 Y=6250.000 Z=500.000) RuntimeGrid:None EditorOnly:0 RuntimeOnly:0 HLODRelevant:1
 |   |   |- [+] [ 34]
 |   |   |   |- Guid:8059609E4E010D6B81C6BE973496EE8C BaseClass: NativeClass:/Script/Engine.StaticMeshActor Name:StaticMeshActor_UAID_107C61B295B0404302_1339879433 Label:SM_Cube27 SpatiallyLoaded:1 Bounds:IsValid=true, Min=(X=750.000 Y=-6250.000 Z=0.000), Max=(X=850.000 Y=-4750.000 Z=500.000) RuntimeGrid:None EditorOnly:0 RuntimeOnly:0 HLODRelevant:1
 |   |   |- [+] [ 35]
 |   |   |   |- Guid:C121F7C347EF44B2D3B2F0AC7CDE13CB BaseClass: NativeClass:/Script/Engine.StaticMeshActor Name:StaticMeshActor_UAID_107C61B295B0404302_1339879434 Label:SM_Cube28 SpatiallyLoaded:1 Bounds:IsValid=true, Min=(X=-850.000 Y=-6250.000 Z=0.000), Max=(X=-750.000 Y=-4750.000 Z=500.000) RuntimeGrid:None EditorOnly:0 RuntimeOnly:0 HLODRelevant:1
 |   |   |- [+] [ 36]
 |   |   |   |- Guid:C6A9D8AB4D1626D1305CEAA933D00C97 BaseClass: NativeClass:/Script/Engine.StaticMeshActor Name:StaticMeshActor_UAID_107C61B295B0404302_1339880435 Label:SM_Cube29 SpatiallyLoaded:1 Bounds:IsValid=true, Min=(X=750.000 Y=750.000 Z=0.000), Max=(X=850.000 Y=2250.000 Z=500.000) RuntimeGrid:None EditorOnly:0 RuntimeOnly:0 HLODRelevant:1
 |   |   |- [+] [ 37]
 |   |   |   |- Guid:CE1F9F7C41C71B76B8233F8348F3F2F3 BaseClass: NativeClass:/Script/Engine.StaticMeshActor Name:StaticMeshActor_UAID_107C61B295B0404302_1339880436 Label:SM_Cube30 SpatiallyLoaded:1 Bounds:IsValid=true, Min=(X=-850.000 Y=750.000 Z=0.000), Max=(X=-750.000 Y=2250.000 Z=500.000) RuntimeGrid:None EditorOnly:0 RuntimeOnly:0 HLODRelevant:1
 |   |   |- [+] [ 38]
 |   |   |   |- Guid:5A5B06DB40F9DEF126C44EA9BD681104 BaseClass: NativeClass:/Script/Engine.StaticMeshActor Name:StaticMeshActor_UAID_107C61B295B0404302_1339880437 Label:SM_Cube31 SpatiallyLoaded:1 Bounds:IsValid=true, Min=(X=750.000 Y=-2250.000 Z=0.000), Max=(X=850.000 Y=-750.000 Z=500.000) RuntimeGrid:None EditorOnly:0 RuntimeOnly:0 HLODRelevant:1
 |   |   |- [+] [ 39]
 |   |   |   |- Guid:AC87A3D24A9F608FEE442AA977A05FDE BaseClass: NativeClass:/Script/Engine.StaticMeshActor Name:StaticMeshActor_UAID_107C61B295B0404302_1339881438 Label:SM_Cube32 SpatiallyLoaded:1 Bounds:IsValid=true, Min=(X=-850.000 Y=-2250.000 Z=0.000), Max=(X=-750.000 Y=-750.000 Z=500.000) RuntimeGrid:None EditorOnly:0 RuntimeOnly:0 HLODRelevant:1
 |   |   |- [+] [ 40]
 |   |   |   |- Guid:DFAB3EC44A413923E64F499543FA20B9 BaseClass: NativeClass:/Script/Engine.StaticMeshActor Name:StaticMeshActor_UAID_107C61B295B0354302_1153219580 Label:Floor SpatiallyLoaded:1 Bounds:IsValid=true, Min=(X=-6250.000 Y=-6250.000 Z=-12.500), Max=(X=6250.000 Y=6250.000 Z=12.500) RuntimeGrid:None EditorOnly:0 RuntimeOnly:0 HLODRelevant:1 FolderGuid:F22D77DE4BF4FF7187A46EBC2BEFA2D9
 |- ContainerInstances:
 |- [+] MainContainer:
 |   |-        ID: 0x0000000000000000
 |   |-    Bounds: IsValid=false, Min=(X=0.000 Y=0.000 Z=0.000), Max=(X=0.000 Y=0.000 Z=0.000)
 |   |- Transform: 0.000000,0.000000,0.000000|0.000000,0.000000,-0.000000|1.000000,1.000000,1.000000
 |   |- Container: /Game/Maps_And_Modes/Maps/ThirdPersonMap
----------------------------------------------------------------------------------------------------------------
ThirdPersonMap - Persistent Level
----------------------------------------------------------------------------------------------------------------
Always loaded Actor Count: 96 

----------------------------------------------------------------------------------------------------------------
ThirdPersonMap - Runtime Spatial Hash - Streaming Grid - MainGrid
----------------------------------------------------------------------------------------------------------------
            Origin: X=0.000 Y=0.000 Z=0.000
         Cell Size: 12800
      World Bounds: IsValid=false, Min=(X=0.000 Y=0.000 Z=0.000), Max=(X=0.000 Y=0.000 Z=0.000)
     Loading Range: 25600.00
Block Slow Loading: No
 ClientOnlyVisible: No

[+] Grid Levels: 1
 |- Level  0: Cell Count    0 | Cell Size   12800 | Actor Count    0 (0.0%)

[+] Content of Grid Level 0

